{"/home/travis/build/npmtest/node-npmtest-angular2-modal/test.js":{"path":"/home/travis/build/npmtest/node-npmtest-angular2-modal/test.js","s":{"1":2,"2":2,"3":2,"4":2,"5":2,"6":2,"7":2,"8":1,"9":2,"10":2,"11":1,"12":1,"13":1,"14":1,"15":2,"16":2,"17":2,"18":2,"19":1,"20":1,"21":2,"22":2,"23":2,"24":1,"25":1,"26":1,"27":1,"28":1,"29":1,"30":1,"31":1,"32":1,"33":1,"34":1,"35":1,"36":1,"37":1,"38":1,"39":2,"40":2,"41":1,"42":2,"43":2,"44":1,"45":2,"46":2,"47":1,"48":2,"49":2,"50":1,"51":1,"52":1,"53":1,"54":1},"b":{"1":[2,1,1,1],"2":[1,1,1,1],"3":[1,1],"4":[1,1],"5":[1,1],"6":[1,1],"7":[1,1],"8":[1,1],"9":[1,1],"10":[1,1,1],"11":[1,1],"12":[1,1],"13":[1,1],"14":[1,1],"15":[1,1],"16":[1,1],"17":[1,1]},"f":{"1":2,"2":2,"3":2,"4":2,"5":2,"6":1,"7":1,"8":1,"9":2,"10":2,"11":2,"12":2,"13":1},"fnMap":{"1":{"name":"(anonymous_1)","line":12,"loc":{"start":{"line":12,"column":1},"end":{"line":12,"column":13}}},"2":{"name":"(anonymous_2)","line":19,"loc":{"start":{"line":19,"column":5},"end":{"line":19,"column":17}}},"3":{"name":"(anonymous_3)","line":23,"loc":{"start":{"line":23,"column":24},"end":{"line":23,"column":36}}},"4":{"name":"(anonymous_4)","line":61,"loc":{"start":{"line":61,"column":5},"end":{"line":61,"column":17}}},"5":{"name":"(anonymous_5)","line":82,"loc":{"start":{"line":82,"column":5},"end":{"line":82,"column":17}}},"6":{"name":"(anonymous_6)","line":91,"loc":{"start":{"line":91,"column":77},"end":{"line":94,"column":10}}},"7":{"name":"(anonymous_7)","line":112,"loc":{"start":{"line":112,"column":83},"end":{"line":115,"column":10}},"skip":true},"8":{"name":"(anonymous_8)","line":123,"loc":{"start":{"line":123,"column":77},"end":{"line":126,"column":10}},"skip":true},"9":{"name":"(anonymous_9)","line":139,"loc":{"start":{"line":139,"column":12},"end":{"line":139,"column":40}},"skip":true},"10":{"name":"(anonymous_10)","line":147,"loc":{"start":{"line":147,"column":77},"end":{"line":150,"column":10}},"skip":true},"11":{"name":"(anonymous_11)","line":158,"loc":{"start":{"line":158,"column":83},"end":{"line":161,"column":10}},"skip":true},"12":{"name":"(anonymous_12)","line":169,"loc":{"start":{"line":169,"column":79},"end":{"line":172,"column":10}},"skip":true},"13":{"name":"(anonymous_13)","line":180,"loc":{"start":{"line":180,"column":75},"end":{"line":183,"column":10}},"skip":true}},"statementMap":{"1":{"start":{"line":12,"column":0},"end":{"line":195,"column":5}},"2":{"start":{"line":14,"column":4},"end":{"line":14,"column":14}},"3":{"start":{"line":19,"column":4},"end":{"line":56,"column":9}},"4":{"start":{"line":21,"column":8},"end":{"line":21,"column":19}},"5":{"start":{"line":23,"column":8},"end":{"line":35,"column":13}},"6":{"start":{"line":24,"column":12},"end":{"line":34,"column":13}},"7":{"start":{"line":25,"column":16},"end":{"line":28,"column":30}},"8":{"start":{"line":30,"column":16},"end":{"line":33,"column":27}},"9":{"start":{"line":37,"column":8},"end":{"line":39,"column":21}},"10":{"start":{"line":40,"column":8},"end":{"line":53,"column":9}},"11":{"start":{"line":43,"column":12},"end":{"line":46,"column":14}},"12":{"start":{"line":47,"column":12},"end":{"line":47,"column":18}},"13":{"start":{"line":50,"column":12},"end":{"line":51,"column":33}},"14":{"start":{"line":52,"column":12},"end":{"line":52,"column":18}},"15":{"start":{"line":55,"column":8},"end":{"line":55,"column":35}},"16":{"start":{"line":61,"column":4},"end":{"line":63,"column":9}},"17":{"start":{"line":62,"column":8},"end":{"line":62,"column":15}},"18":{"start":{"line":64,"column":4},"end":{"line":77,"column":5}},"19":{"start":{"line":70,"column":8},"end":{"line":70,"column":14}},"20":{"start":{"line":76,"column":8},"end":{"line":76,"column":14}},"21":{"start":{"line":82,"column":4},"end":{"line":84,"column":9}},"22":{"start":{"line":83,"column":8},"end":{"line":83,"column":15}},"23":{"start":{"line":85,"column":4},"end":{"line":194,"column":5}},"24":{"start":{"line":91,"column":8},"end":{"line":99,"column":10}},"25":{"start":{"line":98,"column":12},"end":{"line":98,"column":35}},"26":{"start":{"line":102,"column":8},"end":{"line":104,"column":63}},"27":{"start":{"line":105,"column":8},"end":{"line":105,"column":14}},"28":{"start":{"line":112,"column":8},"end":{"line":121,"column":10},"skip":true},"29":{"start":{"line":119,"column":12},"end":{"line":119,"column":55},"skip":true},"30":{"start":{"line":120,"column":12},"end":{"line":120,"column":48},"skip":true},"31":{"start":{"line":123,"column":8},"end":{"line":136,"column":10},"skip":true},"32":{"start":{"line":130,"column":12},"end":{"line":130,"column":76},"skip":true},"33":{"start":{"line":131,"column":12},"end":{"line":131,"column":73},"skip":true},"34":{"start":{"line":132,"column":12},"end":{"line":132,"column":74},"skip":true},"35":{"start":{"line":133,"column":12},"end":{"line":133,"column":79},"skip":true},"36":{"start":{"line":134,"column":12},"end":{"line":134,"column":25},"skip":true},"37":{"start":{"line":135,"column":12},"end":{"line":135,"column":45},"skip":true},"38":{"start":{"line":138,"column":8},"end":{"line":145,"column":14},"skip":true},"39":{"start":{"line":143,"column":16},"end":{"line":143,"column":29},"skip":true},"40":{"start":{"line":144,"column":16},"end":{"line":144,"column":55},"skip":true},"41":{"start":{"line":147,"column":8},"end":{"line":156,"column":10},"skip":true},"42":{"start":{"line":154,"column":12},"end":{"line":154,"column":25},"skip":true},"43":{"start":{"line":155,"column":12},"end":{"line":155,"column":45},"skip":true},"44":{"start":{"line":158,"column":8},"end":{"line":167,"column":10},"skip":true},"45":{"start":{"line":165,"column":12},"end":{"line":165,"column":25},"skip":true},"46":{"start":{"line":166,"column":12},"end":{"line":166,"column":48},"skip":true},"47":{"start":{"line":169,"column":8},"end":{"line":178,"column":10},"skip":true},"48":{"start":{"line":176,"column":12},"end":{"line":176,"column":25},"skip":true},"49":{"start":{"line":177,"column":12},"end":{"line":177,"column":46},"skip":true},"50":{"start":{"line":180,"column":8},"end":{"line":189,"column":10},"skip":true},"51":{"start":{"line":187,"column":12},"end":{"line":187,"column":94},"skip":true},"52":{"start":{"line":188,"column":12},"end":{"line":188,"column":48},"skip":true},"53":{"start":{"line":192,"column":8},"end":{"line":192,"column":35},"skip":true},"54":{"start":{"line":193,"column":8},"end":{"line":193,"column":14},"skip":true}},"branchMap":{"1":{"line":25,"type":"binary-expr","locations":[{"start":{"line":25,"column":23},"end":{"line":25,"column":62}},{"start":{"line":26,"column":20},"end":{"line":26,"column":70}},{"start":{"line":27,"column":20},"end":{"line":27,"column":71}},{"start":{"line":28,"column":20},"end":{"line":28,"column":29}}]},"2":{"line":30,"type":"binary-expr","locations":[{"start":{"line":30,"column":23},"end":{"line":30,"column":37}},{"start":{"line":31,"column":20},"end":{"line":31,"column":61}},{"start":{"line":32,"column":20},"end":{"line":32,"column":70}},{"start":{"line":33,"column":20},"end":{"line":33,"column":26}}]},"3":{"line":37,"type":"cond-expr","locations":[{"start":{"line":38,"column":14},"end":{"line":38,"column":20}},{"start":{"line":39,"column":14},"end":{"line":39,"column":20}}]},"4":{"line":40,"type":"switch","locations":[{"start":{"line":42,"column":8},"end":{"line":47,"column":18}},{"start":{"line":49,"column":8},"end":{"line":52,"column":18}}]},"5":{"line":44,"type":"binary-expr","locations":[{"start":{"line":44,"column":16},"end":{"line":44,"column":44}},{"start":{"line":44,"column":48},"end":{"line":44,"column":66}}]},"6":{"line":50,"type":"binary-expr","locations":[{"start":{"line":50,"column":21},"end":{"line":50,"column":49}},{"start":{"line":50,"column":53},"end":{"line":50,"column":72}}]},"7":{"line":64,"type":"switch","locations":[{"start":{"line":69,"column":4},"end":{"line":70,"column":14}},{"start":{"line":75,"column":4},"end":{"line":76,"column":14}}]},"8":{"line":85,"type":"switch","locations":[{"start":{"line":90,"column":4},"end":{"line":105,"column":14}},{"start":{"line":111,"column":4},"end":{"line":193,"column":14},"skip":true}]},"9":{"line":91,"type":"binary-expr","locations":[{"start":{"line":91,"column":42},"end":{"line":91,"column":73}},{"start":{"line":91,"column":77},"end":{"line":99,"column":9}}]},"10":{"line":102,"type":"binary-expr","locations":[{"start":{"line":102,"column":18},"end":{"line":102,"column":32}},{"start":{"line":103,"column":12},"end":{"line":103,"column":53}},{"start":{"line":104,"column":12},"end":{"line":104,"column":61}}]},"11":{"line":112,"type":"binary-expr","locations":[{"start":{"line":112,"column":45},"end":{"line":112,"column":79},"skip":true},{"start":{"line":112,"column":83},"end":{"line":121,"column":9},"skip":true}]},"12":{"line":123,"type":"binary-expr","locations":[{"start":{"line":123,"column":42},"end":{"line":123,"column":73},"skip":true},{"start":{"line":123,"column":77},"end":{"line":136,"column":9},"skip":true}]},"13":{"line":138,"type":"binary-expr","locations":[{"start":{"line":138,"column":48},"end":{"line":138,"column":85},"skip":true},{"start":{"line":139,"column":12},"end":{"line":145,"column":13},"skip":true}]},"14":{"line":147,"type":"binary-expr","locations":[{"start":{"line":147,"column":42},"end":{"line":147,"column":73},"skip":true},{"start":{"line":147,"column":77},"end":{"line":156,"column":9},"skip":true}]},"15":{"line":158,"type":"binary-expr","locations":[{"start":{"line":158,"column":45},"end":{"line":158,"column":79},"skip":true},{"start":{"line":158,"column":83},"end":{"line":167,"column":9},"skip":true}]},"16":{"line":169,"type":"binary-expr","locations":[{"start":{"line":169,"column":43},"end":{"line":169,"column":75},"skip":true},{"start":{"line":169,"column":79},"end":{"line":178,"column":9},"skip":true}]},"17":{"line":180,"type":"binary-expr","locations":[{"start":{"line":180,"column":41},"end":{"line":180,"column":71},"skip":true},{"start":{"line":180,"column":75},"end":{"line":189,"column":9},"skip":true}]}},"code":["/* istanbul instrument in package npmtest_angular2_modal */","/*jslint","    bitwise: true,","    browser: true,","    maxerr: 8,","    maxlen: 96,","    node: true,","    nomen: true,","    regexp: true,","    stupid: true","*/","(function () {","    'use strict';","    var local;","","","","    // run shared js-env code - init-before","    (function () {","        // init local","        local = {};","        // init modeJs","        local.modeJs = (function () {","            try {","                return typeof navigator.userAgent === 'string' &&","                    typeof document.querySelector('body') === 'object' &&","                    typeof XMLHttpRequest.prototype.open === 'function' &&","                    'browser';","            } catch (errorCaughtBrowser) {","                return module.exports &&","                    typeof process.versions.node === 'string' &&","                    typeof require('http').createServer === 'function' &&","                    'node';","            }","        }());","        // init global","        local.global = local.modeJs === 'browser'","            ? window","            : global;","        switch (local.modeJs) {","        // re-init local from window.local","        case 'browser':","            local = local.global.utility2.objectSetDefault(","                local.global.utility2_rollup || local.global.local,","                local.global.utility2","            );","            break;","        // re-init local from example.js","        case 'node':","            local = (local.global.utility2_rollup || require('utility2'))","                .requireReadme();","            break;","        }","        // export local","        local.global.local = local;","    }());","","","","    // run shared js-env code - function","    (function () {","        return;","    }());","    switch (local.modeJs) {","","","","    // run browser js-env code - function","    case 'browser':","        break;","","","","    // run node js-env code - function","    case 'node':","        break;","    }","","","","    // run shared js-env code - init-after","    (function () {","        return;","    }());","    switch (local.modeJs) {","","","","    // run browser js-env code - init-after","    case 'browser':","        local.testCase_browser_nullCase = local.testCase_browser_nullCase || function (","            options,","            onError","        ) {","        /*","         * this function will test browsers's null-case handling-behavior-behavior","         */","            onError(null, options);","        };","","        // run tests","        local.nop(local.modeTest &&","            document.querySelector('#testRunButton1') &&","            document.querySelector('#testRunButton1').click());","        break;","","","","    // run node js-env code - init-after","    /* istanbul ignore next */","    case 'node':","        local.testCase_buildApidoc_default = local.testCase_buildApidoc_default || function (","            options,","            onError","        ) {","        /*","         * this function will test buildApidoc's default handling-behavior-behavior","         */","            options = { modulePathList: module.paths };","            local.buildApidoc(options, onError);","        };","","        local.testCase_buildApp_default = local.testCase_buildApp_default || function (","            options,","            onError","        ) {","        /*","         * this function will test buildApp's default handling-behavior-behavior","         */","            local.testCase_buildReadme_default(options, local.onErrorThrow);","            local.testCase_buildLib_default(options, local.onErrorThrow);","            local.testCase_buildTest_default(options, local.onErrorThrow);","            local.testCase_buildCustomOrg_default(options, local.onErrorThrow);","            options = [];","            local.buildApp(options, onError);","        };","","        local.testCase_buildCustomOrg_default = local.testCase_buildCustomOrg_default ||","            function (options, onError) {","            /*","             * this function will test buildCustomOrg's default handling-behavior","             */","                options = {};","                local.buildCustomOrg(options, onError);","            };","","        local.testCase_buildLib_default = local.testCase_buildLib_default || function (","            options,","            onError","        ) {","        /*","         * this function will test buildLib's default handling-behavior","         */","            options = {};","            local.buildLib(options, onError);","        };","","        local.testCase_buildReadme_default = local.testCase_buildReadme_default || function (","            options,","            onError","        ) {","        /*","         * this function will test buildReadme's default handling-behavior-behavior","         */","            options = {};","            local.buildReadme(options, onError);","        };","","        local.testCase_buildTest_default = local.testCase_buildTest_default || function (","            options,","            onError","        ) {","        /*","         * this function will test buildTest's default handling-behavior","         */","            options = {};","            local.buildTest(options, onError);","        };","","        local.testCase_webpage_default = local.testCase_webpage_default || function (","            options,","            onError","        ) {","        /*","         * this function will test webpage's default handling-behavior","         */","            options = { modeCoverageMerge: true, url: local.serverLocalHost + '?modeTest=1' };","            local.browserTest(options, onError);","        };","","        // run test-server","        local.testRunServer(local);","        break;","    }","}());",""],"l":{"12":2,"14":2,"19":2,"21":2,"23":2,"24":2,"25":2,"30":1,"37":2,"40":2,"43":1,"47":1,"50":1,"52":1,"55":2,"61":2,"62":2,"64":2,"70":1,"76":1,"82":2,"83":2,"85":2,"91":1,"98":1,"102":1,"105":1,"112":1,"119":1,"120":1,"123":1,"130":1,"131":1,"132":1,"133":1,"134":1,"135":1,"138":1,"143":2,"144":2,"147":1,"154":2,"155":2,"158":1,"165":2,"166":2,"169":1,"176":2,"177":2,"180":1,"187":1,"188":1,"192":1,"193":1}},"/home/travis/build/npmtest/node-npmtest-angular2-modal/lib.npmtest_angular2_modal.js":{"path":"/home/travis/build/npmtest/node-npmtest-angular2-modal/lib.npmtest_angular2_modal.js","s":{"1":2,"2":2,"3":2,"4":2,"5":2,"6":2,"7":2,"8":1,"9":2,"10":2,"11":2,"12":2,"13":1,"14":1,"15":1,"16":1},"b":{"1":[2,1,1,1],"2":[1,1,1,1],"3":[1,1],"4":[2,2],"5":[1,1]},"f":{"1":2,"2":2,"3":2},"fnMap":{"1":{"name":"(anonymous_1)","line":12,"loc":{"start":{"line":12,"column":1},"end":{"line":12,"column":13}}},"2":{"name":"(anonymous_2)","line":19,"loc":{"start":{"line":19,"column":5},"end":{"line":19,"column":17}}},"3":{"name":"(anonymous_3)","line":23,"loc":{"start":{"line":23,"column":24},"end":{"line":23,"column":36}}}},"statementMap":{"1":{"start":{"line":12,"column":0},"end":{"line":53,"column":5}},"2":{"start":{"line":14,"column":4},"end":{"line":14,"column":14}},"3":{"start":{"line":19,"column":4},"end":{"line":52,"column":9}},"4":{"start":{"line":21,"column":8},"end":{"line":21,"column":19}},"5":{"start":{"line":23,"column":8},"end":{"line":35,"column":13}},"6":{"start":{"line":24,"column":12},"end":{"line":34,"column":13}},"7":{"start":{"line":25,"column":16},"end":{"line":28,"column":30}},"8":{"start":{"line":30,"column":16},"end":{"line":33,"column":27}},"9":{"start":{"line":37,"column":8},"end":{"line":39,"column":21}},"10":{"start":{"line":41,"column":8},"end":{"line":41,"column":54}},"11":{"start":{"line":43,"column":8},"end":{"line":43,"column":59}},"12":{"start":{"line":45,"column":8},"end":{"line":51,"column":9}},"13":{"start":{"line":46,"column":12},"end":{"line":46,"column":65}},"14":{"start":{"line":48,"column":12},"end":{"line":48,"column":35}},"15":{"start":{"line":49,"column":12},"end":{"line":49,"column":49}},"16":{"start":{"line":50,"column":12},"end":{"line":50,"column":43}}},"branchMap":{"1":{"line":25,"type":"binary-expr","locations":[{"start":{"line":25,"column":23},"end":{"line":25,"column":62}},{"start":{"line":26,"column":20},"end":{"line":26,"column":70}},{"start":{"line":27,"column":20},"end":{"line":27,"column":71}},{"start":{"line":28,"column":20},"end":{"line":28,"column":29}}]},"2":{"line":30,"type":"binary-expr","locations":[{"start":{"line":30,"column":23},"end":{"line":30,"column":37}},{"start":{"line":31,"column":20},"end":{"line":31,"column":61}},{"start":{"line":32,"column":20},"end":{"line":32,"column":70}},{"start":{"line":33,"column":20},"end":{"line":33,"column":26}}]},"3":{"line":37,"type":"cond-expr","locations":[{"start":{"line":38,"column":14},"end":{"line":38,"column":20}},{"start":{"line":39,"column":14},"end":{"line":39,"column":20}}]},"4":{"line":41,"type":"binary-expr","locations":[{"start":{"line":41,"column":16},"end":{"line":41,"column":44}},{"start":{"line":41,"column":48},"end":{"line":41,"column":53}}]},"5":{"line":45,"type":"if","locations":[{"start":{"line":45,"column":8},"end":{"line":45,"column":8}},{"start":{"line":45,"column":8},"end":{"line":45,"column":8}}]}},"code":["/* istanbul instrument in package npmtest_angular2_modal */","/*jslint","    bitwise: true,","    browser: true,","    maxerr: 8,","    maxlen: 96,","    node: true,","    nomen: true,","    regexp: true,","    stupid: true","*/","(function () {","    'use strict';","    var local;","","","","    // run shared js-env code - init-before","    (function () {","        // init local","        local = {};","        // init modeJs","        local.modeJs = (function () {","            try {","                return typeof navigator.userAgent === 'string' &&","                    typeof document.querySelector('body') === 'object' &&","                    typeof XMLHttpRequest.prototype.open === 'function' &&","                    'browser';","            } catch (errorCaughtBrowser) {","                return module.exports &&","                    typeof process.versions.node === 'string' &&","                    typeof require('http').createServer === 'function' &&","                    'node';","            }","        }());","        // init global","        local.global = local.modeJs === 'browser'","            ? window","            : global;","        // init utility2_rollup","        local = local.global.utility2_rollup || local;","        // init lib","        local.local = local.npmtest_angular2_modal = local;","        // init exports","        if (local.modeJs === 'browser') {","            local.global.utility2_npmtest_angular2_modal = local;","        } else {","            module.exports = local;","            module.exports.__dirname = __dirname;","            module.exports.module = module;","        }","    }());","}());",""],"l":{"12":2,"14":2,"19":2,"21":2,"23":2,"24":2,"25":2,"30":1,"37":2,"41":2,"43":2,"45":2,"46":1,"48":1,"49":1,"50":1}},"/home/travis/build/npmtest/node-npmtest-angular2-modal/example.js":{"path":"/home/travis/build/npmtest/node-npmtest-angular2-modal/example.js","s":{"1":2,"2":2,"3":2,"4":2,"5":2,"6":2,"7":2,"8":1,"9":2,"10":2,"11":2,"12":2,"13":1,"14":2,"15":2,"16":2,"17":2,"18":2,"19":0,"20":2,"21":1,"22":1,"23":1,"24":1,"25":1,"26":0,"27":0,"28":1,"29":1,"30":2,"31":0,"32":0,"33":0,"34":1,"35":2,"36":2,"37":3,"38":3,"39":3,"40":3,"41":0,"42":3,"43":3,"44":3,"45":1,"46":3,"47":1,"48":1,"49":1,"50":1,"51":1,"52":1,"53":1,"54":1,"55":1,"56":1,"57":0,"58":1,"59":6,"60":6,"61":1,"62":2,"63":0,"64":2,"65":1,"66":1,"67":0,"68":0,"69":0,"70":0,"71":0,"72":0,"73":0,"74":0,"75":0,"76":0,"77":0,"78":0,"79":0,"80":0,"81":0,"82":0,"83":0},"b":{"1":[2,1,1,1],"2":[1,1,1,1],"3":[1,1],"4":[2,2],"5":[1,1],"6":[1,1],"7":[2,0],"8":[2,1,1,1,1,1],"9":[0,2,0],"10":[1,1],"11":[2,1,1],"12":[1,0],"13":[0,2],"14":[2,0,0,0,0,0,0],"15":[0,3],"16":[3,0],"17":[1,1],"18":[0,1],"19":[1,2,0,2],"20":[1,0],"21":[1,1],"22":[0,0],"23":[0,0],"24":[0,0],"25":[0,0],"26":[0,0],"27":[0,0],"28":[0,0]},"f":{"1":2,"2":2,"3":2,"4":2,"5":2,"6":2,"7":3,"8":3,"9":3,"10":1,"11":6,"12":0},"fnMap":{"1":{"name":"(anonymous_1)","line":26,"loc":{"start":{"line":26,"column":1},"end":{"line":26,"column":13}}},"2":{"name":"(anonymous_2)","line":33,"loc":{"start":{"line":33,"column":5},"end":{"line":33,"column":17}}},"3":{"name":"(anonymous_3)","line":37,"loc":{"start":{"line":37,"column":24},"end":{"line":37,"column":36}}},"4":{"name":"(anonymous_4)","line":69,"loc":{"start":{"line":69,"column":31},"end":{"line":69,"column":48}},"skip":true},"5":{"name":"(anonymous_5)","line":78,"loc":{"start":{"line":78,"column":26},"end":{"line":78,"column":45}},"skip":true},"6":{"name":"(anonymous_6)","line":123,"loc":{"start":{"line":123,"column":33},"end":{"line":123,"column":48}},"skip":true},"7":{"name":"(anonymous_7)","line":125,"loc":{"start":{"line":125,"column":27},"end":{"line":125,"column":39}},"skip":true},"8":{"name":"(anonymous_8)","line":133,"loc":{"start":{"line":133,"column":59},"end":{"line":133,"column":74}},"skip":true},"9":{"name":"(anonymous_9)","line":143,"loc":{"start":{"line":143,"column":45},"end":{"line":143,"column":62}},"skip":true},"10":{"name":"(anonymous_10)","line":144,"loc":{"start":{"line":144,"column":73},"end":{"line":144,"column":92}},"skip":true},"11":{"name":"(anonymous_11)","line":272,"loc":{"start":{"line":272,"column":51},"end":{"line":272,"column":77}},"skip":true},"12":{"name":"(anonymous_12)","line":315,"loc":{"start":{"line":315,"column":32},"end":{"line":315,"column":61}},"skip":true}},"statementMap":{"1":{"start":{"line":26,"column":0},"end":{"line":326,"column":5}},"2":{"start":{"line":28,"column":4},"end":{"line":28,"column":14}},"3":{"start":{"line":33,"column":4},"end":{"line":60,"column":9}},"4":{"start":{"line":35,"column":8},"end":{"line":35,"column":19}},"5":{"start":{"line":37,"column":8},"end":{"line":49,"column":13}},"6":{"start":{"line":38,"column":12},"end":{"line":48,"column":13}},"7":{"start":{"line":39,"column":16},"end":{"line":42,"column":30}},"8":{"start":{"line":44,"column":16},"end":{"line":47,"column":27}},"9":{"start":{"line":51,"column":8},"end":{"line":53,"column":21}},"10":{"start":{"line":55,"column":8},"end":{"line":57,"column":45}},"11":{"start":{"line":59,"column":8},"end":{"line":59,"column":35}},"12":{"start":{"line":61,"column":4},"end":{"line":325,"column":5}},"13":{"start":{"line":69,"column":8},"end":{"line":121,"column":10},"skip":true},"14":{"start":{"line":70,"column":12},"end":{"line":88,"column":13},"skip":true},"15":{"start":{"line":76,"column":16},"end":{"line":87,"column":19},"skip":true},"16":{"start":{"line":79,"column":20},"end":{"line":86,"column":21},"skip":true},"17":{"start":{"line":82,"column":24},"end":{"line":82,"column":43},"skip":true},"18":{"start":{"line":83,"column":24},"end":{"line":83,"column":30},"skip":true},"19":{"start":{"line":85,"column":24},"end":{"line":85,"column":49},"skip":true},"20":{"start":{"line":89,"column":12},"end":{"line":107,"column":13},"skip":true},"21":{"start":{"line":92,"column":16},"end":{"line":102,"column":17},"skip":true},"22":{"start":{"line":93,"column":20},"end":{"line":93,"column":86},"skip":true},"23":{"start":{"line":94,"column":20},"end":{"line":95,"column":45},"skip":true},"24":{"start":{"line":96,"column":20},"end":{"line":96,"column":42},"skip":true},"25":{"start":{"line":97,"column":20},"end":{"line":97,"column":48},"skip":true},"26":{"start":{"line":100,"column":20},"end":{"line":100,"column":85},"skip":true},"27":{"start":{"line":101,"column":20},"end":{"line":101,"column":96},"skip":true},"28":{"start":{"line":103,"column":16},"end":{"line":103,"column":22},"skip":true},"29":{"start":{"line":106,"column":16},"end":{"line":106,"column":22},"skip":true},"30":{"start":{"line":108,"column":12},"end":{"line":120,"column":13},"skip":true},"31":{"start":{"line":114,"column":16},"end":{"line":119,"column":17},"skip":true},"32":{"start":{"line":116,"column":20},"end":{"line":116,"column":78},"skip":true},"33":{"start":{"line":118,"column":20},"end":{"line":118,"column":47},"skip":true},"34":{"start":{"line":123,"column":8},"end":{"line":141,"column":11},"skip":true},"35":{"start":{"line":124,"column":12},"end":{"line":124,"column":54},"skip":true},"36":{"start":{"line":125,"column":12},"end":{"line":140,"column":14},"skip":true},"37":{"start":{"line":126,"column":16},"end":{"line":126,"column":28},"skip":true},"38":{"start":{"line":127,"column":16},"end":{"line":127,"column":69},"skip":true},"39":{"start":{"line":128,"column":16},"end":{"line":128,"column":75},"skip":true},"40":{"start":{"line":129,"column":16},"end":{"line":131,"column":17},"skip":true},"41":{"start":{"line":130,"column":20},"end":{"line":130,"column":27},"skip":true},"42":{"start":{"line":133,"column":16},"end":{"line":137,"column":36},"skip":true},"43":{"start":{"line":134,"column":20},"end":{"line":136,"column":55},"skip":true},"44":{"start":{"line":139,"column":16},"end":{"line":139,"column":57},"skip":true},"45":{"start":{"line":143,"column":8},"end":{"line":147,"column":11},"skip":true},"46":{"start":{"line":144,"column":12},"end":{"line":146,"column":15},"skip":true},"47":{"start":{"line":145,"column":16},"end":{"line":145,"column":70},"skip":true},"48":{"start":{"line":149,"column":8},"end":{"line":149,"column":31},"skip":true},"49":{"start":{"line":150,"column":8},"end":{"line":150,"column":14},"skip":true},"50":{"start":{"line":158,"column":8},"end":{"line":158,"column":31},"skip":true},"51":{"start":{"line":160,"column":8},"end":{"line":160,"column":33},"skip":true},"52":{"start":{"line":161,"column":8},"end":{"line":161,"column":37},"skip":true},"53":{"start":{"line":162,"column":8},"end":{"line":162,"column":35},"skip":true},"54":{"start":{"line":164,"column":8},"end":{"line":164,"column":50},"skip":true},"55":{"start":{"line":166,"column":8},"end":{"line":256,"column":2},"skip":true},"56":{"start":{"line":258,"column":8},"end":{"line":286,"column":9},"skip":true},"57":{"start":{"line":259,"column":12},"end":{"line":269,"column":14},"skip":true},"58":{"start":{"line":271,"column":12},"end":{"line":285,"column":19},"skip":true},"59":{"start":{"line":274,"column":20},"end":{"line":274,"column":35},"skip":true},"60":{"start":{"line":275,"column":20},"end":{"line":284,"column":21},"skip":true},"61":{"start":{"line":277,"column":24},"end":{"line":277,"column":64},"skip":true},"62":{"start":{"line":279,"column":24},"end":{"line":279,"column":40},"skip":true},"63":{"start":{"line":281,"column":24},"end":{"line":281,"column":40},"skip":true},"64":{"start":{"line":283,"column":24},"end":{"line":283,"column":39},"skip":true},"65":{"start":{"line":288,"column":8},"end":{"line":290,"column":9},"skip":true},"66":{"start":{"line":289,"column":12},"end":{"line":289,"column":18},"skip":true},"67":{"start":{"line":291,"column":8},"end":{"line":293,"column":54},"skip":true},"68":{"start":{"line":296,"column":8},"end":{"line":301,"column":37},"skip":true},"69":{"start":{"line":303,"column":8},"end":{"line":303,"column":82},"skip":true},"70":{"start":{"line":306,"column":8},"end":{"line":308,"column":9},"skip":true},"71":{"start":{"line":307,"column":12},"end":{"line":307,"column":82},"skip":true},"72":{"start":{"line":310,"column":8},"end":{"line":312,"column":9},"skip":true},"73":{"start":{"line":311,"column":12},"end":{"line":311,"column":18},"skip":true},"74":{"start":{"line":313,"column":8},"end":{"line":313,"column":54},"skip":true},"75":{"start":{"line":314,"column":8},"end":{"line":314,"column":69},"skip":true},"76":{"start":{"line":315,"column":8},"end":{"line":323,"column":36},"skip":true},"77":{"start":{"line":316,"column":12},"end":{"line":316,"column":61},"skip":true},"78":{"start":{"line":317,"column":12},"end":{"line":320,"column":13},"skip":true},"79":{"start":{"line":318,"column":16},"end":{"line":318,"column":75},"skip":true},"80":{"start":{"line":319,"column":16},"end":{"line":319,"column":23},"skip":true},"81":{"start":{"line":321,"column":12},"end":{"line":321,"column":38},"skip":true},"82":{"start":{"line":322,"column":12},"end":{"line":322,"column":27},"skip":true},"83":{"start":{"line":324,"column":8},"end":{"line":324,"column":14},"skip":true}},"branchMap":{"1":{"line":39,"type":"binary-expr","locations":[{"start":{"line":39,"column":23},"end":{"line":39,"column":62}},{"start":{"line":40,"column":20},"end":{"line":40,"column":70}},{"start":{"line":41,"column":20},"end":{"line":41,"column":71}},{"start":{"line":42,"column":20},"end":{"line":42,"column":29}}]},"2":{"line":44,"type":"binary-expr","locations":[{"start":{"line":44,"column":23},"end":{"line":44,"column":37}},{"start":{"line":45,"column":20},"end":{"line":45,"column":61}},{"start":{"line":46,"column":20},"end":{"line":46,"column":70}},{"start":{"line":47,"column":20},"end":{"line":47,"column":26}}]},"3":{"line":51,"type":"cond-expr","locations":[{"start":{"line":52,"column":14},"end":{"line":52,"column":20}},{"start":{"line":53,"column":14},"end":{"line":53,"column":20}}]},"4":{"line":55,"type":"binary-expr","locations":[{"start":{"line":55,"column":16},"end":{"line":55,"column":44}},{"start":{"line":55,"column":49},"end":{"line":57,"column":43}}]},"5":{"line":55,"type":"cond-expr","locations":[{"start":{"line":56,"column":14},"end":{"line":56,"column":58}},{"start":{"line":57,"column":14},"end":{"line":57,"column":43}}]},"6":{"line":61,"type":"switch","locations":[{"start":{"line":68,"column":4},"end":{"line":150,"column":14},"skip":true},{"start":{"line":156,"column":4},"end":{"line":324,"column":14},"skip":true}]},"7":{"line":70,"type":"if","locations":[{"start":{"line":70,"column":12},"end":{"line":70,"column":12},"skip":true},{"start":{"line":70,"column":12},"end":{"line":70,"column":12},"skip":true}]},"8":{"line":70,"type":"binary-expr","locations":[{"start":{"line":70,"column":16},"end":{"line":70,"column":22},"skip":true},{"start":{"line":70,"column":27},"end":{"line":70,"column":32},"skip":true},{"start":{"line":71,"column":20},"end":{"line":71,"column":39},"skip":true},{"start":{"line":72,"column":20},"end":{"line":72,"column":49},"skip":true},{"start":{"line":73,"column":20},"end":{"line":73,"column":58},"skip":true},{"start":{"line":74,"column":20},"end":{"line":74,"column":69},"skip":true}]},"9":{"line":79,"type":"switch","locations":[{"start":{"line":80,"column":20},"end":{"line":80,"column":33},"skip":true},{"start":{"line":81,"column":20},"end":{"line":83,"column":30},"skip":true},{"start":{"line":84,"column":20},"end":{"line":85,"column":49},"skip":true}]},"10":{"line":89,"type":"switch","locations":[{"start":{"line":90,"column":12},"end":{"line":103,"column":22},"skip":true},{"start":{"line":105,"column":12},"end":{"line":106,"column":22},"skip":true}]},"11":{"line":89,"type":"binary-expr","locations":[{"start":{"line":89,"column":20},"end":{"line":89,"column":25},"skip":true},{"start":{"line":89,"column":29},"end":{"line":89,"column":48},"skip":true},{"start":{"line":89,"column":52},"end":{"line":89,"column":74},"skip":true}]},"12":{"line":92,"type":"if","locations":[{"start":{"line":92,"column":16},"end":{"line":92,"column":16},"skip":true},{"start":{"line":92,"column":16},"end":{"line":92,"column":16},"skip":true}]},"13":{"line":108,"type":"if","locations":[{"start":{"line":108,"column":12},"end":{"line":108,"column":12},"skip":true},{"start":{"line":108,"column":12},"end":{"line":108,"column":12},"skip":true}]},"14":{"line":108,"type":"binary-expr","locations":[{"start":{"line":108,"column":16},"end":{"line":108,"column":61},"skip":true},{"start":{"line":108,"column":66},"end":{"line":108,"column":72},"skip":true},{"start":{"line":108,"column":77},"end":{"line":108,"column":82},"skip":true},{"start":{"line":109,"column":20},"end":{"line":109,"column":39},"skip":true},{"start":{"line":110,"column":20},"end":{"line":110,"column":49},"skip":true},{"start":{"line":111,"column":20},"end":{"line":111,"column":58},"skip":true},{"start":{"line":112,"column":20},"end":{"line":112,"column":68},"skip":true}]},"15":{"line":129,"type":"if","locations":[{"start":{"line":129,"column":16},"end":{"line":129,"column":16},"skip":true},{"start":{"line":129,"column":16},"end":{"line":129,"column":16},"skip":true}]},"16":{"line":134,"type":"cond-expr","locations":[{"start":{"line":135,"column":26},"end":{"line":135,"column":29},"skip":true},{"start":{"line":136,"column":26},"end":{"line":136,"column":54},"skip":true}]},"17":{"line":164,"type":"binary-expr","locations":[{"start":{"line":164,"column":27},"end":{"line":164,"column":43},"skip":true},{"start":{"line":164,"column":47},"end":{"line":164,"column":49},"skip":true}]},"18":{"line":258,"type":"if","locations":[{"start":{"line":258,"column":8},"end":{"line":258,"column":8},"skip":true},{"start":{"line":258,"column":8},"end":{"line":258,"column":8},"skip":true}]},"19":{"line":275,"type":"switch","locations":[{"start":{"line":276,"column":20},"end":{"line":277,"column":64},"skip":true},{"start":{"line":278,"column":20},"end":{"line":279,"column":40},"skip":true},{"start":{"line":280,"column":20},"end":{"line":281,"column":40},"skip":true},{"start":{"line":282,"column":20},"end":{"line":283,"column":39},"skip":true}]},"20":{"line":288,"type":"if","locations":[{"start":{"line":288,"column":8},"end":{"line":288,"column":8},"skip":true},{"start":{"line":288,"column":8},"end":{"line":288,"column":8},"skip":true}]},"21":{"line":288,"type":"binary-expr","locations":[{"start":{"line":288,"column":12},"end":{"line":288,"column":40},"skip":true},{"start":{"line":288,"column":44},"end":{"line":288,"column":67},"skip":true}]},"22":{"line":292,"type":"binary-expr","locations":[{"start":{"line":292,"column":12},"end":{"line":292,"column":50},"skip":true},{"start":{"line":293,"column":12},"end":{"line":293,"column":53},"skip":true}]},"23":{"line":297,"type":"binary-expr","locations":[{"start":{"line":297,"column":12},"end":{"line":297,"column":72},"skip":true},{"start":{"line":298,"column":12},"end":{"line":301,"column":36},"skip":true}]},"24":{"line":303,"type":"binary-expr","locations":[{"start":{"line":303,"column":43},"end":{"line":303,"column":75},"skip":true},{"start":{"line":303,"column":79},"end":{"line":303,"column":81},"skip":true}]},"25":{"line":306,"type":"if","locations":[{"start":{"line":306,"column":8},"end":{"line":306,"column":8},"skip":true},{"start":{"line":306,"column":8},"end":{"line":306,"column":8},"skip":true}]},"26":{"line":310,"type":"if","locations":[{"start":{"line":310,"column":8},"end":{"line":310,"column":8},"skip":true},{"start":{"line":310,"column":8},"end":{"line":310,"column":8},"skip":true}]},"27":{"line":313,"type":"binary-expr","locations":[{"start":{"line":313,"column":27},"end":{"line":313,"column":43},"skip":true},{"start":{"line":313,"column":47},"end":{"line":313,"column":53},"skip":true}]},"28":{"line":317,"type":"if","locations":[{"start":{"line":317,"column":12},"end":{"line":317,"column":12},"skip":true},{"start":{"line":317,"column":12},"end":{"line":317,"column":12},"skip":true}]}},"code":["/*","example.js","","quickstart example","","instruction","    1. save this script as example.js","    2. run the shell command:","        $ npm install npmtest-angular2-modal && PORT=8081 node example.js","    3. play with the browser-demo on http://127.0.0.1:8081","*/","","","","/* istanbul instrument in package npmtest_angular2_modal */","/*jslint","    bitwise: true,","    browser: true,","    maxerr: 8,","    maxlen: 96,","    node: true,","    nomen: true,","    regexp: true,","    stupid: true","*/","(function () {","    'use strict';","    var local;","","","","    // run shared js-env code - init-before","    (function () {","        // init local","        local = {};","        // init modeJs","        local.modeJs = (function () {","            try {","                return typeof navigator.userAgent === 'string' &&","                    typeof document.querySelector('body') === 'object' &&","                    typeof XMLHttpRequest.prototype.open === 'function' &&","                    'browser';","            } catch (errorCaughtBrowser) {","                return module.exports &&","                    typeof process.versions.node === 'string' &&","                    typeof require('http').createServer === 'function' &&","                    'node';","            }","        }());","        // init global","        local.global = local.modeJs === 'browser'","            ? window","            : global;","        // init utility2_rollup","        local = local.global.utility2_rollup || (local.modeJs === 'browser'","            ? local.global.utility2_npmtest_angular2_modal","            : global.utility2_moduleExports);","        // export local","        local.global.local = local;","    }());","    switch (local.modeJs) {","","","","    // init-after","    // run browser js-env code - init-after","    /* istanbul ignore next */","    case 'browser':","        local.testRunBrowser = function (event) {","            if (!event || (event &&","                    event.currentTarget &&","                    event.currentTarget.className &&","                    event.currentTarget.className.includes &&","                    event.currentTarget.className.includes('onreset'))) {","                // reset output","                Array.from(","                    document.querySelectorAll('body > .resettable')","                ).forEach(function (element) {","                    switch (element.tagName) {","                    case 'INPUT':","                    case 'TEXTAREA':","                        element.value = '';","                        break;","                    default:","                        element.textContent = '';","                    }","                });","            }","            switch (event && event.currentTarget && event.currentTarget.id) {","            case 'testRunButton1':","                // show tests","                if (document.querySelector('#testReportDiv1').style.display === 'none') {","                    document.querySelector('#testReportDiv1').style.display = 'block';","                    document.querySelector('#testRunButton1').textContent =","                        'hide internal test';","                    local.modeTest = true;","                    local.testRunDefault(local);","                // hide tests","                } else {","                    document.querySelector('#testReportDiv1').style.display = 'none';","                    document.querySelector('#testRunButton1').textContent = 'run internal test';","                }","                break;","            // custom-case","            default:","                break;","            }","            if (document.querySelector('#inputTextareaEval1') && (!event || (event &&","                    event.currentTarget &&","                    event.currentTarget.className &&","                    event.currentTarget.className.includes &&","                    event.currentTarget.className.includes('oneval')))) {","                // try to eval input-code","                try {","                    /*jslint evil: true*/","                    eval(document.querySelector('#inputTextareaEval1').value);","                } catch (errorCaught) {","                    console.error(errorCaught);","                }","            }","        };","        // log stderr and stdout to #outputTextareaStdout1","        ['error', 'log'].forEach(function (key) {","            console[key + '_original'] = console[key];","            console[key] = function () {","                var element;","                console[key + '_original'].apply(console, arguments);","                element = document.querySelector('#outputTextareaStdout1');","                if (!element) {","                    return;","                }","                // append text to #outputTextareaStdout1","                element.value += Array.from(arguments).map(function (arg) {","                    return typeof arg === 'string'","                        ? arg","                        : JSON.stringify(arg, null, 4);","                }).join(' ') + '\\n';","                // scroll textarea to bottom","                element.scrollTop = element.scrollHeight;","            };","        });","        // init event-handling","        ['change', 'click', 'keyup'].forEach(function (event) {","            Array.from(document.querySelectorAll('.on' + event)).forEach(function (element) {","                element.addEventListener(event, local.testRunBrowser);","            });","        });","        // run tests","        local.testRunBrowser();","        break;","","","","    // run node js-env code - init-after","    /* istanbul ignore next */","    case 'node':","        // export local","        module.exports = local;","        // require modules","        local.fs = require('fs');","        local.http = require('http');","        local.url = require('url');","        // init assets","        local.assetsDict = local.assetsDict || {};","        /* jslint-ignore-begin */","        local.assetsDict['/assets.index.template.html'] = '\\","<!doctype html>\\n\\","<html lang=\"en\">\\n\\","<head>\\n\\","<meta charset=\"UTF-8\">\\n\\","<meta name=\"viewport\" content=\"width=device-width, initial-scale=1\">\\n\\","<title>{{env.npm_package_name}} (v{{env.npm_package_version}})</title>\\n\\","<style>\\n\\","/*csslint\\n\\","    box-sizing: false,\\n\\","    universal-selector: false\\n\\","*/\\n\\","* {\\n\\","    box-sizing: border-box;\\n\\","}\\n\\","body {\\n\\","    background: #dde;\\n\\","    font-family: Arial, Helvetica, sans-serif;\\n\\","    margin: 2rem;\\n\\","}\\n\\","body > * {\\n\\","    margin-bottom: 1rem;\\n\\","}\\n\\",".utility2FooterDiv {\\n\\","    margin-top: 20px;\\n\\","    text-align: center;\\n\\","}\\n\\","</style>\\n\\","<style>\\n\\","/*csslint\\n\\","*/\\n\\","textarea {\\n\\","    font-family: monospace;\\n\\","    height: 10rem;\\n\\","    width: 100%;\\n\\","}\\n\\","textarea[readonly] {\\n\\","    background: #ddd;\\n\\","}\\n\\","</style>\\n\\","</head>\\n\\","<body>\\n\\","<!-- utility2-comment\\n\\","<div id=\"ajaxProgressDiv1\" style=\"background: #d00; height: 2px; left: 0; margin: 0; padding: 0; position: fixed; top: 0; transition: background 0.5s, width 1.5s; width: 25%;\"></div>\\n\\","utility2-comment -->\\n\\","<h1>\\n\\","<!-- utility2-comment\\n\\","    <a\\n\\","        {{#if env.npm_package_homepage}}\\n\\","        href=\"{{env.npm_package_homepage}}\"\\n\\","        {{/if env.npm_package_homepage}}\\n\\","        target=\"_blank\"\\n\\","    >\\n\\","utility2-comment -->\\n\\","        {{env.npm_package_name}} (v{{env.npm_package_version}})\\n\\","<!-- utility2-comment\\n\\","    </a>\\n\\","utility2-comment -->\\n\\","</h1>\\n\\","<h3>{{env.npm_package_description}}</h3>\\n\\","<!-- utility2-comment\\n\\","<h4><a download href=\"assets.app.js\">download standalone app</a></h4>\\n\\","<button class=\"onclick onreset\" id=\"testRunButton1\">run internal test</button><br>\\n\\","<div id=\"testReportDiv1\" style=\"display: none;\"></div>\\n\\","utility2-comment -->\\n\\","\\n\\","\\n\\","\\n\\","<label>stderr and stdout</label>\\n\\","<textarea class=\"resettable\" id=\"outputTextareaStdout1\" readonly></textarea>\\n\\","<!-- utility2-comment\\n\\","{{#if isRollup}}\\n\\","<script src=\"assets.app.js\"></script>\\n\\","{{#unless isRollup}}\\n\\","utility2-comment -->\\n\\","<script src=\"assets.utility2.rollup.js\"></script>\\n\\","<script src=\"jsonp.utility2._stateInit?callback=window.utility2._stateInit\"></script>\\n\\","<script src=\"assets.npmtest_angular2_modal.rollup.js\"></script>\\n\\","<script src=\"assets.example.js\"></script>\\n\\","<script src=\"assets.test.js\"></script>\\n\\","<!-- utility2-comment\\n\\","{{/if isRollup}}\\n\\","utility2-comment -->\\n\\","<div class=\"utility2FooterDiv\">\\n\\","    [ this app was created with\\n\\","    <a href=\"https://github.com/kaizhu256/node-utility2\" target=\"_blank\">utility2</a>\\n\\","    ]\\n\\","</div>\\n\\","</body>\\n\\","</html>\\n\\","';","        /* jslint-ignore-end */","        if (local.templateRender) {","            local.assetsDict['/'] = local.templateRender(","                local.assetsDict['/assets.index.template.html'],","                {","                    env: local.objectSetDefault(local.env, {","                        npm_package_description: 'the greatest app in the world!',","                        npm_package_name: 'my-app',","                        npm_package_nameAlias: 'my_app',","                        npm_package_version: '0.0.1'","                    })","                }","            );","        } else {","            local.assetsDict['/'] = local.assetsDict['/assets.index.template.html']","                .replace((/\\{\\{env\\.(\\w+?)\\}\\}/g), function (match0, match1) {","                    // jslint-hack","                    String(match0);","                    switch (match1) {","                    case 'npm_package_description':","                        return 'the greatest app in the world!';","                    case 'npm_package_name':","                        return 'my-app';","                    case 'npm_package_nameAlias':","                        return 'my_app';","                    case 'npm_package_version':","                        return '0.0.1';","                    }","                });","        }","        // run the cli","        if (local.global.utility2_rollup || module !== require.main) {","            break;","        }","        local.assetsDict['/assets.example.js'] =","            local.assetsDict['/assets.example.js'] ||","            local.fs.readFileSync(__filename, 'utf8');","        // bug-workaround - long $npm_package_buildCustomOrg","        /* jslint-ignore-begin */","        local.assetsDict['/assets.npmtest_angular2_modal.rollup.js'] =","            local.assetsDict['/assets.npmtest_angular2_modal.rollup.js'] ||","            local.fs.readFileSync(","                local.npmtest_angular2_modal.__dirname + '/lib.npmtest_angular2_modal.js',","                'utf8'","            ).replace((/^#!/), '//');","        /* jslint-ignore-end */","        local.assetsDict['/favicon.ico'] = local.assetsDict['/favicon.ico'] || '';","        // if $npm_config_timeout_exit exists,","        // then exit this process after $npm_config_timeout_exit ms","        if (Number(process.env.npm_config_timeout_exit)) {","            setTimeout(process.exit, Number(process.env.npm_config_timeout_exit));","        }","        // start server","        if (local.global.utility2_serverHttp1) {","            break;","        }","        process.env.PORT = process.env.PORT || '8081';","        console.error('server starting on port ' + process.env.PORT);","        local.http.createServer(function (request, response) {","            request.urlParsed = local.url.parse(request.url);","            if (local.assetsDict[request.urlParsed.pathname] !== undefined) {","                response.end(local.assetsDict[request.urlParsed.pathname]);","                return;","            }","            response.statusCode = 404;","            response.end();","        }).listen(process.env.PORT);","        break;","    }","}());",""],"l":{"26":2,"28":2,"33":2,"35":2,"37":2,"38":2,"39":2,"44":1,"51":2,"55":2,"59":2,"61":2,"69":1,"70":2,"76":2,"79":2,"82":2,"83":2,"85":1,"89":2,"92":1,"93":1,"94":1,"96":1,"97":1,"100":1,"101":1,"103":1,"106":1,"108":2,"114":1,"116":1,"118":1,"123":1,"124":2,"125":2,"126":3,"127":3,"128":3,"129":3,"130":1,"133":3,"134":3,"139":3,"143":1,"144":3,"145":1,"149":1,"150":1,"158":1,"160":1,"161":1,"162":1,"164":1,"166":1,"258":1,"259":1,"271":1,"274":6,"275":6,"277":1,"279":2,"281":1,"283":2,"288":1,"289":1,"291":1,"296":1,"303":1,"306":1,"307":1,"310":1,"311":1,"313":1,"314":1,"315":1,"316":1,"317":1,"318":1,"319":1,"321":1,"322":1,"324":1}},"/home/travis/build/npmtest/node-npmtest-angular2-modal/node_modules/angular2-modal/bundles/angular2-modal.umd.js":{"path":"/home/travis/build/npmtest/node-npmtest-angular2-modal/node_modules/angular2-modal/bundles/angular2-modal.umd.js","s":{"1":4,"2":4,"3":0,"4":0,"5":1,"6":0,"7":0,"8":0,"9":0,"10":1,"11":0,"12":0,"13":0,"14":1,"15":0,"16":1,"17":0,"18":1,"19":0,"20":0,"21":1,"22":0,"23":0,"24":0,"25":0,"26":0,"27":0,"28":0,"29":0,"30":0,"31":0,"32":1,"33":0,"34":0,"35":0,"36":0,"37":0,"38":0,"39":0,"40":0,"41":0,"42":0,"43":0,"44":1,"45":0,"46":0,"47":0,"48":0,"49":0,"50":0,"51":0,"52":0,"53":0,"54":0,"55":0,"56":0,"57":1,"58":0,"59":0,"60":0,"61":0,"62":0,"63":0,"64":0,"65":0,"66":0,"67":0,"68":0,"69":0,"70":0,"71":0,"72":0,"73":0,"74":0,"75":0,"76":0,"77":0,"78":0,"79":0,"80":0,"81":0,"82":0,"83":0,"84":0,"85":0,"86":0,"87":0,"88":0,"89":0,"90":0,"91":0,"92":0,"93":1,"94":0,"95":0,"96":0,"97":0,"98":0,"99":0,"100":0,"101":0,"102":1,"103":0,"104":0,"105":1,"106":0,"107":0,"108":0,"109":0,"110":1,"111":0,"112":0,"113":0,"114":0,"115":0,"116":1,"117":1,"118":0,"119":0,"120":1,"121":0,"122":0,"123":0,"124":0,"125":0,"126":0,"127":1,"128":0,"129":0,"130":0,"131":0,"132":1,"133":0,"134":0,"135":0,"136":0,"137":0,"138":0,"139":0,"140":1,"141":0,"142":0,"143":0,"144":0,"145":0,"146":0,"147":0,"148":0,"149":0,"150":0,"151":0,"152":0,"153":0,"154":0,"155":0,"156":0,"157":0,"158":0,"159":0,"160":0,"161":0,"162":0,"163":0,"164":0,"165":0,"166":0,"167":0,"168":0,"169":0,"170":0,"171":0,"172":0,"173":0,"174":0,"175":0,"176":0,"177":0,"178":0,"179":0,"180":0,"181":0,"182":0,"183":0,"184":0,"185":0,"186":0,"187":0,"188":0,"189":0,"190":0,"191":0,"192":0,"193":0,"194":1,"195":0,"196":0,"197":1,"198":0,"199":1,"200":0,"201":0,"202":0,"203":1,"204":0,"205":0,"206":0,"207":0,"208":0,"209":0,"210":0,"211":0,"212":1,"213":0,"214":0,"215":0,"216":0,"217":0,"218":0,"219":0,"220":0,"221":0,"222":0,"223":0,"224":0,"225":0,"226":0,"227":0,"228":0,"229":0,"230":0,"231":0,"232":0,"233":0,"234":0,"235":0,"236":0,"237":0,"238":0,"239":0,"240":0,"241":0,"242":0,"243":0,"244":0,"245":0,"246":0,"247":0,"248":0,"249":0,"250":0,"251":0,"252":0,"253":0,"254":0,"255":0,"256":0,"257":0,"258":0,"259":0,"260":0,"261":0,"262":0,"263":0,"264":0,"265":0,"266":0,"267":0,"268":0,"269":1,"270":0,"271":0,"272":0,"273":0,"274":0,"275":0,"276":0,"277":0,"278":0,"279":0,"280":0,"281":0,"282":0,"283":0,"284":0,"285":0,"286":0,"287":0,"288":0,"289":0,"290":0,"291":0,"292":0,"293":0,"294":0,"295":0,"296":0,"297":0,"298":0,"299":0,"300":0,"301":0,"302":0,"303":0,"304":0,"305":0,"306":0,"307":0,"308":0,"309":0,"310":0,"311":0,"312":0,"313":0,"314":0,"315":0,"316":0,"317":1,"318":0,"319":0,"320":0,"321":0,"322":0,"323":1,"324":0,"325":0,"326":0,"327":0,"328":0,"329":0,"330":0,"331":0,"332":0,"333":0,"334":0,"335":0,"336":1,"337":0,"338":0,"339":0,"340":0,"341":0,"342":0,"343":0,"344":0,"345":0,"346":0,"347":0,"348":0,"349":0,"350":0,"351":0,"352":0,"353":0,"354":0,"355":1,"356":0,"357":0,"358":0,"359":0,"360":0,"361":0,"362":0,"363":0,"364":0,"365":0,"366":0,"367":0,"368":0,"369":0,"370":0,"371":0,"372":0,"373":0,"374":0,"375":0,"376":0,"377":0,"378":1,"379":0,"380":0,"381":0,"382":1,"383":0,"384":0,"385":0,"386":0,"387":0,"388":0,"389":0,"390":0,"391":0,"392":0,"393":0,"394":0,"395":0,"396":0,"397":0,"398":0,"399":0,"400":0,"401":0,"402":0,"403":0,"404":0,"405":0,"406":0,"407":0,"408":0,"409":0,"410":0,"411":0,"412":0,"413":0,"414":0,"415":0,"416":0,"417":0,"418":0,"419":0,"420":0,"421":0,"422":0,"423":0,"424":0,"425":0,"426":0,"427":0,"428":0,"429":0,"430":0,"431":0,"432":0,"433":0,"434":0,"435":1,"436":0,"437":0,"438":0,"439":0,"440":0,"441":0,"442":0,"443":0,"444":0,"445":0,"446":0,"447":0,"448":0,"449":0,"450":0,"451":1,"452":0,"453":0,"454":0,"455":0,"456":0,"457":0,"458":0,"459":0,"460":0,"461":0,"462":0,"463":0,"464":1,"465":0,"466":0,"467":0,"468":0,"469":0,"470":0,"471":0,"472":0,"473":0,"474":0,"475":0,"476":0,"477":0,"478":0,"479":0,"480":1,"481":0,"482":0,"483":0,"484":0,"485":0,"486":0,"487":0,"488":0,"489":0,"490":0,"491":1,"492":0,"493":0,"494":0,"495":0,"496":0,"497":0,"498":0,"499":0,"500":0,"501":0,"502":0,"503":0,"504":0,"505":0,"506":0,"507":1,"508":0,"509":0,"510":0,"511":0,"512":0,"513":0,"514":0,"515":0,"516":0,"517":0,"518":0,"519":0,"520":0,"521":0,"522":0,"523":0,"524":0,"525":0,"526":0,"527":0,"528":0,"529":0,"530":0,"531":0,"532":0,"533":0,"534":0,"535":0,"536":0,"537":0,"538":0,"539":0,"540":0,"541":0,"542":0,"543":0,"544":0,"545":0,"546":0,"547":0,"548":0,"549":0,"550":0,"551":0,"552":0,"553":0,"554":0,"555":0,"556":0,"557":0,"558":0,"559":0,"560":0,"561":0,"562":0,"563":0,"564":0,"565":0,"566":0,"567":0,"568":0,"569":0,"570":0,"571":0,"572":0,"573":0,"574":0,"575":0,"576":0,"577":0,"578":0,"579":0,"580":0,"581":0,"582":0,"583":0,"584":0,"585":0,"586":0,"587":0,"588":0,"589":0,"590":0,"591":0,"592":0,"593":0,"594":0,"595":0,"596":0,"597":0,"598":0,"599":0,"600":0,"601":0,"602":0,"603":0,"604":0,"605":1,"606":0,"607":0,"608":0,"609":0,"610":0,"611":0,"612":0,"613":0,"614":0,"615":0,"616":0,"617":0,"618":0,"619":1,"620":0,"621":0,"622":0,"623":0,"624":1,"625":0,"626":0,"627":0,"628":0,"629":0,"630":1,"631":0,"632":0,"633":0,"634":0,"635":0,"636":0,"637":0,"638":0,"639":0,"640":0,"641":0,"642":0,"643":0,"644":0,"645":0,"646":0,"647":0,"648":0,"649":0,"650":0,"651":0,"652":0,"653":0,"654":0,"655":0,"656":0,"657":0,"658":0,"659":0,"660":0,"661":0,"662":0,"663":0,"664":0,"665":0,"666":0,"667":0,"668":0,"669":1,"670":0,"671":0,"672":0,"673":0,"674":0,"675":0,"676":0,"677":1,"678":0,"679":0,"680":0,"681":0,"682":0,"683":0,"684":0,"685":0,"686":0,"687":0,"688":0,"689":0,"690":0,"691":0,"692":0,"693":0,"694":0,"695":0,"696":0,"697":0,"698":0,"699":0,"700":0,"701":0,"702":0,"703":0,"704":0,"705":1,"706":0,"707":0,"708":0,"709":0,"710":0,"711":0,"712":1,"713":0,"714":0,"715":0,"716":0,"717":0,"718":0,"719":0,"720":0,"721":0,"722":0,"723":0,"724":0,"725":1,"726":0,"727":0,"728":0,"729":0,"730":0,"731":0,"732":0,"733":0,"734":0,"735":0,"736":1,"737":0,"738":0,"739":0,"740":0,"741":0,"742":1,"743":0,"744":0,"745":0,"746":0,"747":0,"748":0,"749":1,"750":0,"751":0,"752":0,"753":0,"754":1,"755":0,"756":0,"757":0,"758":0,"759":0,"760":0,"761":0,"762":0,"763":0,"764":0,"765":0,"766":0,"767":1,"768":0,"769":0,"770":0,"771":0,"772":0,"773":1,"774":0,"775":0,"776":0,"777":0,"778":1,"779":0,"780":0,"781":0,"782":0,"783":0,"784":0,"785":0,"786":0,"787":0,"788":0,"789":0,"790":0,"791":0,"792":0,"793":0,"794":0,"795":0,"796":0,"797":0,"798":0,"799":0,"800":0,"801":0,"802":0,"803":0,"804":1,"805":0,"806":0,"807":0,"808":0,"809":0,"810":0,"811":0,"812":0,"813":0,"814":0,"815":0,"816":0,"817":0,"818":0,"819":0,"820":0,"821":0,"822":0,"823":0,"824":0,"825":0,"826":0,"827":0,"828":0,"829":0,"830":0,"831":0,"832":0,"833":0,"834":0},"b":{"1":[4,0],"2":[4,4],"3":[0,0],"4":[0,0],"5":[0,0],"6":[0,0],"7":[0,0],"8":[0,0],"9":[0,0],"10":[0,0],"11":[0,0],"12":[0,0],"13":[0,0],"14":[0,0],"15":[0,0],"16":[0,0],"17":[0,0],"18":[0,0],"19":[0,0],"20":[0,0],"21":[0,0],"22":[0,0],"23":[0,0],"24":[0,0],"25":[0,0],"26":[0,0],"27":[0,0],"28":[0,0],"29":[0,0],"30":[0,0],"31":[0,0],"32":[0,0],"33":[0,0],"34":[0,0,0],"35":[0,0],"36":[0,0],"37":[0,0],"38":[0,0],"39":[0,0],"40":[0,0],"41":[0,0],"42":[0,0],"43":[0,0],"44":[0,0],"45":[0,0,0],"46":[0,0],"47":[0,0],"48":[0,0],"49":[0,0],"50":[0,0],"51":[0,0],"52":[0,0],"53":[0,0],"54":[0,0],"55":[0,0],"56":[0,0],"57":[0,0],"58":[0,0],"59":[0,0],"60":[0,0,0],"61":[0,0],"62":[0,0],"63":[0,0],"64":[0,0],"65":[0,0],"66":[0,0],"67":[0,0],"68":[0,0],"69":[0,0,0],"70":[0,0,0],"71":[0,0],"72":[0,0],"73":[0,0],"74":[0,0],"75":[0,0],"76":[0,0],"77":[0,0],"78":[0,0],"79":[0,0],"80":[0,0],"81":[0,0],"82":[0,0],"83":[0,0,0],"84":[0,0],"85":[0,0],"86":[0,0],"87":[0,0],"88":[0,0],"89":[0,0],"90":[0,0],"91":[0,0],"92":[0,0,0],"93":[0,0,0],"94":[0,0],"95":[0,0],"96":[0,0],"97":[0,0],"98":[0,0],"99":[0,0],"100":[0,0,0],"101":[0,0],"102":[0,0],"103":[0,0],"104":[0,0],"105":[0,0],"106":[0,0],"107":[0,0],"108":[0,0],"109":[0,0,0],"110":[0,0,0],"111":[0,0],"112":[0,0],"113":[0,0],"114":[0,0],"115":[0,0],"116":[0,0],"117":[0,0],"118":[0,0],"119":[0,0],"120":[0,0],"121":[0,0],"122":[0,0],"123":[0,0],"124":[0,0],"125":[0,0],"126":[0,0,0],"127":[0,0],"128":[0,0],"129":[0,0,0],"130":[0,0],"131":[0,0],"132":[0,0],"133":[0,0],"134":[0,0],"135":[0,0],"136":[0,0],"137":[0,0],"138":[0,0,0],"139":[0,0,0],"140":[0,0],"141":[0,0],"142":[0,0],"143":[0,0,0],"144":[0,0],"145":[0,0],"146":[0,0,0],"147":[0,0],"148":[0,0],"149":[0,0],"150":[0,0],"151":[0,0],"152":[0,0],"153":[0,0],"154":[0,0],"155":[0,0,0],"156":[0,0,0],"157":[0,0],"158":[0,0],"159":[0,0],"160":[0,0,0],"161":[0,0],"162":[0,0],"163":[0,0,0],"164":[0,0],"165":[0,0],"166":[0,0],"167":[0,0],"168":[0,0],"169":[0,0],"170":[0,0],"171":[0,0],"172":[0,0,0],"173":[0,0,0],"174":[0,0],"175":[0,0],"176":[0,0],"177":[0,0],"178":[0,0],"179":[0,0],"180":[0,0],"181":[0,0],"182":[0,0],"183":[0,0],"184":[0,0],"185":[0,0],"186":[0,0],"187":[0,0],"188":[0,0],"189":[0,0],"190":[0,0],"191":[0,0],"192":[0,0,0],"193":[0,0],"194":[0,0],"195":[0,0],"196":[0,0],"197":[0,0],"198":[0,0],"199":[0,0],"200":[0,0],"201":[0,0,0],"202":[0,0],"203":[0,0,0],"204":[0,0],"205":[0,0],"206":[0,0],"207":[0,0],"208":[0,0],"209":[0,0],"210":[0,0,0],"211":[0,0],"212":[0,0],"213":[0,0],"214":[0,0],"215":[0,0],"216":[0,0],"217":[0,0],"218":[0,0],"219":[0,0,0],"220":[0,0,0],"221":[0,0],"222":[0,0],"223":[0,0],"224":[0,0],"225":[0,0],"226":[0,0],"227":[0,0,0],"228":[0,0],"229":[0,0],"230":[0,0],"231":[0,0],"232":[0,0],"233":[0,0],"234":[0,0],"235":[0,0],"236":[0,0],"237":[0,0],"238":[0,0],"239":[0,0],"240":[0,0],"241":[0,0],"242":[0,0,0],"243":[0,0],"244":[0,0],"245":[0,0,0],"246":[0,0],"247":[0,0],"248":[0,0],"249":[0,0],"250":[0,0],"251":[0,0],"252":[0,0,0],"253":[0,0],"254":[0,0],"255":[0,0,0],"256":[0,0],"257":[0,0],"258":[0,0],"259":[0,0],"260":[0,0],"261":[0,0],"262":[0,0],"263":[0,0],"264":[0,0,0],"265":[0,0],"266":[0,0],"267":[0,0],"268":[0,0],"269":[0,0],"270":[0,0],"271":[0,0],"272":[0,0],"273":[0,0,0],"274":[0,0]},"f":{"1":4,"2":0,"3":0,"4":0,"5":0,"6":0,"7":0,"8":0,"9":0,"10":0,"11":0,"12":0,"13":0,"14":0,"15":0,"16":0,"17":0,"18":0,"19":0,"20":0,"21":0,"22":0,"23":0,"24":0,"25":0,"26":0,"27":0,"28":0,"29":0,"30":0,"31":0,"32":0,"33":0,"34":0,"35":0,"36":0,"37":0,"38":0,"39":0,"40":0,"41":0,"42":0,"43":0,"44":0,"45":0,"46":0,"47":0,"48":0,"49":0,"50":0,"51":0,"52":0,"53":0,"54":0,"55":0,"56":0,"57":0,"58":0,"59":0,"60":0,"61":0,"62":0,"63":0,"64":0,"65":0,"66":0,"67":0,"68":0,"69":0,"70":0,"71":0,"72":0,"73":0,"74":0,"75":0,"76":0,"77":0,"78":0,"79":0,"80":0,"81":0,"82":0,"83":0,"84":0,"85":0,"86":0,"87":0,"88":0,"89":0,"90":0,"91":0,"92":0,"93":0,"94":0,"95":0,"96":0,"97":0,"98":0,"99":0,"100":0,"101":0,"102":0,"103":0,"104":0,"105":0,"106":0,"107":0,"108":0,"109":0,"110":0,"111":0,"112":0,"113":0,"114":0,"115":0,"116":0,"117":0,"118":0,"119":0,"120":0,"121":0,"122":0,"123":0,"124":0,"125":0,"126":0,"127":0,"128":0,"129":0,"130":0,"131":0,"132":0,"133":0,"134":0,"135":0,"136":0,"137":0,"138":0,"139":0,"140":0,"141":0,"142":0,"143":0,"144":0,"145":0,"146":0,"147":0,"148":0,"149":0,"150":0,"151":0,"152":0,"153":0,"154":0,"155":0,"156":0,"157":0,"158":0,"159":0,"160":0,"161":0,"162":0,"163":0,"164":0,"165":0,"166":0,"167":0,"168":0,"169":0,"170":0,"171":0,"172":0,"173":0,"174":0,"175":0,"176":0,"177":0,"178":0,"179":0,"180":0,"181":0,"182":0,"183":0,"184":0,"185":0,"186":0,"187":0,"188":0,"189":0,"190":0,"191":0,"192":0,"193":0,"194":0,"195":0,"196":0,"197":0,"198":0,"199":0,"200":0,"201":0,"202":0,"203":0,"204":0,"205":0,"206":0,"207":0,"208":0,"209":0,"210":0,"211":0,"212":0,"213":0,"214":0,"215":0,"216":0,"217":0,"218":0,"219":0,"220":0,"221":0,"222":0,"223":0,"224":0},"fnMap":{"1":{"name":"(anonymous_1)","line":1,"loc":{"start":{"line":1,"column":1},"end":{"line":1,"column":28}}},"2":{"name":"(anonymous_2)","line":5,"loc":{"start":{"line":5,"column":9},"end":{"line":5,"column":109}}},"3":{"name":"validateMethodName","line":9,"loc":{"start":{"line":9,"column":4},"end":{"line":9,"column":38}}},"4":{"name":"getAssignedPropertyNames","line":22,"loc":{"start":{"line":22,"column":4},"end":{"line":22,"column":47}}},"5":{"name":"(anonymous_5)","line":24,"loc":{"start":{"line":24,"column":20},"end":{"line":24,"column":36}}},"6":{"name":"(anonymous_6)","line":25,"loc":{"start":{"line":25,"column":17},"end":{"line":25,"column":33}}},"7":{"name":"privateKey","line":27,"loc":{"start":{"line":27,"column":4},"end":{"line":27,"column":30}}},"8":{"name":"objectDefinePropertyValue","line":30,"loc":{"start":{"line":30,"column":4},"end":{"line":30,"column":65}}},"9":{"name":"applyDefaultValues","line":44,"loc":{"start":{"line":44,"column":4},"end":{"line":44,"column":57}}},"10":{"name":"(anonymous_10)","line":46,"loc":{"start":{"line":46,"column":21},"end":{"line":46,"column":37}}},"11":{"name":"setAssignMethod","line":67,"loc":{"start":{"line":67,"column":4},"end":{"line":67,"column":59}}},"12":{"name":"(anonymous_12)","line":74,"loc":{"start":{"line":74,"column":53},"end":{"line":74,"column":70}}},"13":{"name":"setAssignAlias","line":108,"loc":{"start":{"line":108,"column":4},"end":{"line":108,"column":70}}},"14":{"name":"(anonymous_14)","line":113,"loc":{"start":{"line":113,"column":53},"end":{"line":113,"column":70}}},"15":{"name":"(anonymous_15)","line":122,"loc":{"start":{"line":122,"column":21},"end":{"line":122,"column":33}}},"16":{"name":"(anonymous_16)","line":129,"loc":{"start":{"line":129,"column":31},"end":{"line":129,"column":43}}},"17":{"name":"FluentAssignFactory","line":130,"loc":{"start":{"line":130,"column":8},"end":{"line":130,"column":51}}},"18":{"name":"(anonymous_18)","line":140,"loc":{"start":{"line":140,"column":50},"end":{"line":140,"column":80}}},"19":{"name":"(anonymous_19)","line":155,"loc":{"start":{"line":155,"column":17},"end":{"line":155,"column":29}}},"20":{"name":"(anonymous_20)","line":175,"loc":{"start":{"line":175,"column":24},"end":{"line":175,"column":36}}},"21":{"name":"FluentAssign","line":182,"loc":{"start":{"line":182,"column":8},"end":{"line":182,"column":71}}},"22":{"name":"(anonymous_22)","line":194,"loc":{"start":{"line":194,"column":38},"end":{"line":194,"column":51}}},"23":{"name":"(anonymous_23)","line":200,"loc":{"start":{"line":200,"column":39},"end":{"line":200,"column":55}}},"24":{"name":"(anonymous_24)","line":212,"loc":{"start":{"line":212,"column":31},"end":{"line":212,"column":72}}},"25":{"name":"(anonymous_25)","line":227,"loc":{"start":{"line":227,"column":35},"end":{"line":227,"column":59}}},"26":{"name":"(anonymous_26)","line":230,"loc":{"start":{"line":230,"column":40},"end":{"line":230,"column":52}}},"27":{"name":"(anonymous_27)","line":233,"loc":{"start":{"line":233,"column":24},"end":{"line":233,"column":45}}},"28":{"name":"extend","line":259,"loc":{"start":{"line":259,"column":8},"end":{"line":259,"column":32}}},"29":{"name":"arrayUnion","line":279,"loc":{"start":{"line":279,"column":4},"end":{"line":279,"column":36}}},"30":{"name":"(anonymous_30)","line":281,"loc":{"start":{"line":281,"column":32},"end":{"line":281,"column":45}}},"31":{"name":"supportsKey$1","line":288,"loc":{"start":{"line":288,"column":4},"end":{"line":288,"column":44}}},"32":{"name":"(anonymous_32)","line":310,"loc":{"start":{"line":310,"column":28},"end":{"line":310,"column":40}}},"33":{"name":"PromiseCompleter","line":311,"loc":{"start":{"line":311,"column":8},"end":{"line":311,"column":36}}},"34":{"name":"(anonymous_34)","line":313,"loc":{"start":{"line":313,"column":39},"end":{"line":313,"column":59}}},"35":{"name":"noop","line":320,"loc":{"start":{"line":320,"column":4},"end":{"line":320,"column":20}}},"36":{"name":"createComponent","line":321,"loc":{"start":{"line":321,"column":4},"end":{"line":321,"column":43}}},"37":{"name":"getInjector","line":325,"loc":{"start":{"line":325,"column":4},"end":{"line":325,"column":39}}},"38":{"name":"(anonymous_38)","line":330,"loc":{"start":{"line":330,"column":58},"end":{"line":330,"column":74}}},"39":{"name":"__","line":334,"loc":{"start":{"line":334,"column":8},"end":{"line":334,"column":22}}},"40":{"name":"(anonymous_40)","line":337,"loc":{"start":{"line":337,"column":30},"end":{"line":337,"column":48}}},"41":{"name":"DialogBailOutError","line":339,"loc":{"start":{"line":339,"column":8},"end":{"line":339,"column":43}}},"42":{"name":"(anonymous_42)","line":352,"loc":{"start":{"line":352,"column":21},"end":{"line":352,"column":33}}},"43":{"name":"DialogRef","line":353,"loc":{"start":{"line":353,"column":8},"end":{"line":353,"column":45}}},"44":{"name":"(anonymous_44)","line":365,"loc":{"start":{"line":365,"column":17},"end":{"line":365,"column":29}}},"45":{"name":"(anonymous_45)","line":375,"loc":{"start":{"line":375,"column":44},"end":{"line":375,"column":61}}},"46":{"name":"(anonymous_46)","line":381,"loc":{"start":{"line":381,"column":36},"end":{"line":381,"column":54}}},"47":{"name":"(anonymous_47)","line":386,"loc":{"start":{"line":386,"column":25},"end":{"line":386,"column":37}}},"48":{"name":"(anonymous_48)","line":391,"loc":{"start":{"line":391,"column":22},"end":{"line":391,"column":39}}},"49":{"name":"(anonymous_49)","line":401,"loc":{"start":{"line":401,"column":38},"end":{"line":401,"column":50}}},"50":{"name":"(anonymous_50)","line":403,"loc":{"start":{"line":403,"column":27},"end":{"line":403,"column":39}}},"51":{"name":"(anonymous_51)","line":405,"loc":{"start":{"line":405,"column":52},"end":{"line":405,"column":64}}},"52":{"name":"(anonymous_52)","line":409,"loc":{"start":{"line":409,"column":22},"end":{"line":409,"column":39}}},"53":{"name":"(anonymous_53)","line":416,"loc":{"start":{"line":416,"column":38},"end":{"line":416,"column":50}}},"54":{"name":"(anonymous_54)","line":424,"loc":{"start":{"line":424,"column":38},"end":{"line":424,"column":50}}},"55":{"name":"(anonymous_55)","line":430,"loc":{"start":{"line":430,"column":31},"end":{"line":430,"column":43}}},"56":{"name":"(anonymous_56)","line":431,"loc":{"start":{"line":431,"column":30},"end":{"line":431,"column":42}}},"57":{"name":"(anonymous_57)","line":438,"loc":{"start":{"line":438,"column":39},"end":{"line":438,"column":51}}},"58":{"name":"(anonymous_58)","line":443,"loc":{"start":{"line":443,"column":40},"end":{"line":443,"column":56}}},"59":{"name":"(anonymous_59)","line":449,"loc":{"start":{"line":449,"column":5},"end":{"line":449,"column":29}}},"60":{"name":"(anonymous_60)","line":454,"loc":{"start":{"line":454,"column":27},"end":{"line":454,"column":39}}},"61":{"name":"OverlayRenderer","line":455,"loc":{"start":{"line":455,"column":8},"end":{"line":455,"column":35}}},"62":{"name":"getVCRef","line":460,"loc":{"start":{"line":460,"column":4},"end":{"line":460,"column":27}}},"63":{"name":"setVCRef","line":463,"loc":{"start":{"line":463,"column":4},"end":{"line":463,"column":34}}},"64":{"name":"delVCRef","line":469,"loc":{"start":{"line":469,"column":4},"end":{"line":469,"column":34}}},"65":{"name":"(anonymous_65)","line":495,"loc":{"start":{"line":495,"column":26},"end":{"line":495,"column":38}}},"66":{"name":"DialogRefStack","line":496,"loc":{"start":{"line":496,"column":8},"end":{"line":496,"column":34}}},"67":{"name":"(anonymous_67)","line":501,"loc":{"start":{"line":501,"column":17},"end":{"line":501,"column":29}}},"68":{"name":"(anonymous_68)","line":507,"loc":{"start":{"line":507,"column":40},"end":{"line":507,"column":68}}},"69":{"name":"(anonymous_69)","line":518,"loc":{"start":{"line":518,"column":47},"end":{"line":518,"column":75}}},"70":{"name":"(anonymous_70)","line":521,"loc":{"start":{"line":521,"column":42},"end":{"line":521,"column":54}}},"71":{"name":"(anonymous_71)","line":523,"loc":{"start":{"line":523,"column":39},"end":{"line":523,"column":51}}},"72":{"name":"(anonymous_72)","line":532,"loc":{"start":{"line":532,"column":42},"end":{"line":532,"column":63}}},"73":{"name":"(anonymous_73)","line":539,"loc":{"start":{"line":539,"column":41},"end":{"line":539,"column":58}}},"74":{"name":"(anonymous_74)","line":542,"loc":{"start":{"line":542,"column":43},"end":{"line":542,"column":64}}},"75":{"name":"(anonymous_75)","line":545,"loc":{"start":{"line":545,"column":43},"end":{"line":545,"column":64}}},"76":{"name":"(anonymous_76)","line":548,"loc":{"start":{"line":548,"column":43},"end":{"line":548,"column":60}}},"77":{"name":"(anonymous_77)","line":551,"loc":{"start":{"line":551,"column":39},"end":{"line":551,"column":61}}},"78":{"name":"(anonymous_78)","line":559,"loc":{"start":{"line":559,"column":47},"end":{"line":559,"column":64}}},"79":{"name":"(anonymous_79)","line":562,"loc":{"start":{"line":562,"column":39},"end":{"line":562,"column":61}}},"80":{"name":"(anonymous_80)","line":572,"loc":{"start":{"line":572,"column":62},"end":{"line":572,"column":103}}},"81":{"name":"(anonymous_81)","line":582,"loc":{"start":{"line":582,"column":62},"end":{"line":582,"column":78}}},"82":{"name":"(anonymous_82)","line":587,"loc":{"start":{"line":587,"column":23},"end":{"line":587,"column":35}}},"83":{"name":"Overlay","line":588,"loc":{"start":{"line":588,"column":8},"end":{"line":588,"column":41}}},"84":{"name":"(anonymous_84)","line":592,"loc":{"start":{"line":592,"column":17},"end":{"line":592,"column":29}}},"85":{"name":"(anonymous_85)","line":604,"loc":{"start":{"line":604,"column":38},"end":{"line":604,"column":59}}},"86":{"name":"(anonymous_86)","line":607,"loc":{"start":{"line":607,"column":42},"end":{"line":607,"column":63}}},"87":{"name":"(anonymous_87)","line":610,"loc":{"start":{"line":610,"column":45},"end":{"line":610,"column":66}}},"88":{"name":"(anonymous_88)","line":619,"loc":{"start":{"line":619,"column":33},"end":{"line":619,"column":58}}},"89":{"name":"(anonymous_89)","line":640,"loc":{"start":{"line":640,"column":21},"end":{"line":640,"column":35}}},"90":{"name":"(anonymous_90)","line":642,"loc":{"start":{"line":642,"column":42},"end":{"line":642,"column":84}}},"91":{"name":"(anonymous_91)","line":659,"loc":{"start":{"line":659,"column":62},"end":{"line":659,"column":103}}},"92":{"name":"(anonymous_92)","line":669,"loc":{"start":{"line":669,"column":60},"end":{"line":669,"column":76}}},"93":{"name":"(anonymous_93)","line":678,"loc":{"start":{"line":678,"column":37},"end":{"line":678,"column":49}}},"94":{"name":"OverlayDialogBoundary","line":679,"loc":{"start":{"line":679,"column":8},"end":{"line":679,"column":54}}},"95":{"name":"(anonymous_95)","line":692,"loc":{"start":{"line":692,"column":29},"end":{"line":692,"column":41}}},"96":{"name":"OverlayTarget","line":693,"loc":{"start":{"line":693,"column":8},"end":{"line":693,"column":38}}},"97":{"name":"(anonymous_97)","line":697,"loc":{"start":{"line":697,"column":17},"end":{"line":697,"column":34}}},"98":{"name":"(anonymous_98)","line":706,"loc":{"start":{"line":706,"column":46},"end":{"line":706,"column":58}}},"99":{"name":"(anonymous_99)","line":724,"loc":{"start":{"line":724,"column":32},"end":{"line":724,"column":44}}},"100":{"name":"DefaultOverlayTarget","line":725,"loc":{"start":{"line":725,"column":8},"end":{"line":725,"column":54}}},"101":{"name":"(anonymous_101)","line":729,"loc":{"start":{"line":729,"column":53},"end":{"line":729,"column":65}}},"102":{"name":"(anonymous_102)","line":740,"loc":{"start":{"line":740,"column":62},"end":{"line":740,"column":103}}},"103":{"name":"(anonymous_103)","line":750,"loc":{"start":{"line":750,"column":62},"end":{"line":750,"column":78}}},"104":{"name":"(anonymous_104)","line":756,"loc":{"start":{"line":756,"column":38},"end":{"line":756,"column":50}}},"105":{"name":"SwapComponentDirective","line":757,"loc":{"start":{"line":757,"column":8},"end":{"line":757,"column":58}}},"106":{"name":"(anonymous_106)","line":764,"loc":{"start":{"line":764,"column":17},"end":{"line":764,"column":38}}},"107":{"name":"register","line":812,"loc":{"start":{"line":812,"column":4},"end":{"line":812,"column":46}}},"108":{"name":"(anonymous_108)","line":813,"loc":{"start":{"line":813,"column":31},"end":{"line":813,"column":44}}},"109":{"name":"(anonymous_109)","line":834,"loc":{"start":{"line":834,"column":32},"end":{"line":834,"column":44}}},"110":{"name":"BaseDynamicComponent","line":835,"loc":{"start":{"line":835,"column":8},"end":{"line":835,"column":52}}},"111":{"name":"(anonymous_111)","line":839,"loc":{"start":{"line":839,"column":67},"end":{"line":839,"column":79}}},"112":{"name":"(anonymous_112)","line":845,"loc":{"start":{"line":845,"column":61},"end":{"line":845,"column":74}}},"113":{"name":"(anonymous_113)","line":846,"loc":{"start":{"line":846,"column":60},"end":{"line":846,"column":73}}},"114":{"name":"(anonymous_114)","line":854,"loc":{"start":{"line":854,"column":50},"end":{"line":854,"column":73}}},"115":{"name":"(anonymous_115)","line":858,"loc":{"start":{"line":858,"column":53},"end":{"line":858,"column":65}}},"116":{"name":"(anonymous_116)","line":861,"loc":{"start":{"line":861,"column":50},"end":{"line":861,"column":78}}},"117":{"name":"(anonymous_117)","line":867,"loc":{"start":{"line":867,"column":25},"end":{"line":867,"column":38}}},"118":{"name":"(anonymous_118)","line":871,"loc":{"start":{"line":871,"column":53},"end":{"line":871,"column":81}}},"119":{"name":"(anonymous_119)","line":877,"loc":{"start":{"line":877,"column":25},"end":{"line":877,"column":38}}},"120":{"name":"(anonymous_120)","line":881,"loc":{"start":{"line":881,"column":53},"end":{"line":881,"column":65}}},"121":{"name":"(anonymous_121)","line":886,"loc":{"start":{"line":886,"column":57},"end":{"line":886,"column":69}}},"122":{"name":"(anonymous_122)","line":889,"loc":{"start":{"line":889,"column":24},"end":{"line":889,"column":37}}},"123":{"name":"(anonymous_123)","line":899,"loc":{"start":{"line":899,"column":55},"end":{"line":899,"column":79}}},"124":{"name":"(anonymous_124)","line":904,"loc":{"start":{"line":904,"column":47},"end":{"line":904,"column":64}}},"125":{"name":"(anonymous_125)","line":911,"loc":{"start":{"line":911,"column":60},"end":{"line":911,"column":76}}},"126":{"name":"__","line":915,"loc":{"start":{"line":915,"column":8},"end":{"line":915,"column":22}}},"127":{"name":"(anonymous_127)","line":918,"loc":{"start":{"line":918,"column":62},"end":{"line":918,"column":103}}},"128":{"name":"(anonymous_128)","line":928,"loc":{"start":{"line":928,"column":62},"end":{"line":928,"column":78}}},"129":{"name":"(anonymous_129)","line":935,"loc":{"start":{"line":935,"column":27},"end":{"line":935,"column":45}}},"130":{"name":"CSSBackdrop","line":937,"loc":{"start":{"line":937,"column":8},"end":{"line":937,"column":43}}},"131":{"name":"(anonymous_131)","line":947,"loc":{"start":{"line":947,"column":39},"end":{"line":947,"column":52}}},"132":{"name":"(anonymous_132)","line":964,"loc":{"start":{"line":964,"column":60},"end":{"line":964,"column":76}}},"133":{"name":"__","line":968,"loc":{"start":{"line":968,"column":8},"end":{"line":968,"column":22}}},"134":{"name":"(anonymous_134)","line":971,"loc":{"start":{"line":971,"column":62},"end":{"line":971,"column":103}}},"135":{"name":"(anonymous_135)","line":981,"loc":{"start":{"line":981,"column":62},"end":{"line":981,"column":78}}},"136":{"name":"(anonymous_136)","line":988,"loc":{"start":{"line":988,"column":34},"end":{"line":988,"column":52}}},"137":{"name":"CSSDialogContainer","line":990,"loc":{"start":{"line":990,"column":8},"end":{"line":990,"column":58}}},"138":{"name":"(anonymous_138)","line":1011,"loc":{"start":{"line":1011,"column":60},"end":{"line":1011,"column":76}}},"139":{"name":"__","line":1015,"loc":{"start":{"line":1015,"column":8},"end":{"line":1015,"column":22}}},"140":{"name":"(anonymous_140)","line":1018,"loc":{"start":{"line":1018,"column":62},"end":{"line":1018,"column":103}}},"141":{"name":"(anonymous_141)","line":1028,"loc":{"start":{"line":1028,"column":62},"end":{"line":1028,"column":78}}},"142":{"name":"(anonymous_142)","line":1035,"loc":{"start":{"line":1035,"column":28},"end":{"line":1035,"column":46}}},"143":{"name":"ModalOverlay","line":1037,"loc":{"start":{"line":1037,"column":8},"end":{"line":1037,"column":60}}},"144":{"name":"(anonymous_144)","line":1047,"loc":{"start":{"line":1047,"column":49},"end":{"line":1047,"column":78}}},"145":{"name":"(anonymous_145)","line":1063,"loc":{"start":{"line":1063,"column":48},"end":{"line":1063,"column":66}}},"146":{"name":"(anonymous_146)","line":1068,"loc":{"start":{"line":1068,"column":46},"end":{"line":1068,"column":90}}},"147":{"name":"(anonymous_147)","line":1082,"loc":{"start":{"line":1082,"column":44},"end":{"line":1082,"column":56}}},"148":{"name":"(anonymous_148)","line":1092,"loc":{"start":{"line":1092,"column":39},"end":{"line":1092,"column":52}}},"149":{"name":"(anonymous_149)","line":1094,"loc":{"start":{"line":1094,"column":47},"end":{"line":1094,"column":59}}},"150":{"name":"(anonymous_150)","line":1106,"loc":{"start":{"line":1106,"column":39},"end":{"line":1106,"column":52}}},"151":{"name":"(anonymous_151)","line":1115,"loc":{"start":{"line":1115,"column":50},"end":{"line":1115,"column":69}}},"152":{"name":"(anonymous_152)","line":1118,"loc":{"start":{"line":1118,"column":29},"end":{"line":1118,"column":46}}},"153":{"name":"(anonymous_153)","line":1119,"loc":{"start":{"line":1119,"column":30},"end":{"line":1119,"column":47}}},"154":{"name":"(anonymous_154)","line":1137,"loc":{"start":{"line":1137,"column":47},"end":{"line":1137,"column":59}}},"155":{"name":"(anonymous_155)","line":1143,"loc":{"start":{"line":1143,"column":23},"end":{"line":1143,"column":35}}},"156":{"name":"(anonymous_156)","line":1156,"loc":{"start":{"line":1156,"column":44},"end":{"line":1156,"column":56}}},"157":{"name":"(anonymous_157)","line":1163,"loc":{"start":{"line":1163,"column":38},"end":{"line":1163,"column":50}}},"158":{"name":"(anonymous_158)","line":1167,"loc":{"start":{"line":1167,"column":30},"end":{"line":1167,"column":42}}},"159":{"name":"(anonymous_159)","line":117
[...]
.VEXDialogButtons = __decorate$1([","        _angular_core.Component({","            selector: 'vex-dialog-buttons',","            encapsulation: _angular_core.ViewEncapsulation.None,","            template: \"<div class=\\\"vex-dialog-buttons\\\">\\n    <button type=\\\"button\\\" \\n         *ngFor=\\\"let btn of buttons;\\\"\\n         [class]=\\\"btn.cssClass\\\"\\n         (click)=\\\"onClick(btn, $event)\\\">{{btn.caption}}</button>\\n</div>\"","        })","    ], exports.VEXDialogButtons);","    /**","     * A Dialog with customized buttons wrapped in a form.","     *","     */","    exports.DialogFormModal = (function () {","        function DialogFormModal(dialog) {","            this.dialog = dialog;","            this.context = dialog.context;","        }","        DialogFormModal.prototype.onButtonClick = function ($event) {","            $event.btn.onClick(this, $event.$event);","        };","        return DialogFormModal;","    }());","    exports.DialogFormModal = __decorate$1([","        _angular_core.Component({","            selector: 'modal-dialog',","            encapsulation: _angular_core.ViewEncapsulation.None,","            template: \"<form class=\\\"vex-dialog-form\\\">\\n    <template [swapCmp]=\\\"context.content\\\"></template>\\n    <vex-dialog-buttons [buttons]=\\\"context.buttons\\\"\\n                        (onButtonClick)=\\\"onButtonClick($event)\\\"></vex-dialog-buttons>\\n</form>\"","        }),","        __metadata$1(\"design:paramtypes\", [angular2Modal.DialogRef])","    ], exports.DialogFormModal);","    exports.FormDropIn = (function () {","        function FormDropIn(dialog) {","            this.dialog = dialog;","            this.context = dialog.context;","        }","        return FormDropIn;","    }());","    exports.FormDropIn = __decorate$1([","        _angular_core.Component({","            selector: 'drop-in-dialog',","            encapsulation: _angular_core.ViewEncapsulation.None,","            template: \"<div class=\\\"vex-dialog-message\\\">{{context.message}}</div>\\n <div *ngIf=\\\"context.showInput\\\" class=\\\"vex-dialog-input\\\">\\n   <input #input\\n          autofocus\\n          name=\\\"vex\\\" \\n          type=\\\"text\\\" \\n          class=\\\"vex-dialog-prompt-input\\\"\\n           (change)=\\\"context.defaultResult = input.value\\\" \\n          placeholder=\\\"{{context.placeholder}}\\\">\\n </div>\\n <div *ngIf=\\\"context.showCloseButton\\\" \\n      [class]=\\\"context.closeClassName\\\"\\n      (click)=\\\"dialog.dismiss()\\\"></div>\"","        }),","        __metadata$1(\"design:paramtypes\", [angular2Modal.DialogRef])","    ], exports.FormDropIn);","    var __extends$3 = (undefined && undefined.__extends) || function (d, b) {","        for (var p in b)","            if (b.hasOwnProperty(p))","                d[p] = b[p];","        function __() { this.constructor = d; }","        d.prototype = b === null ? Object.create(b) : (__.prototype = b.prototype, new __());","    };","    var DEFAULT_VALUES$1 = {","        className: 'default',","        overlayClassName: 'vex-overlay',","        contentClassName: 'vex-content',","        closeClassName: 'vex-close'","    };","    var DEFAULT_SETTERS$2 = [","        'className',","        'overlayClassName',","        'contentClassName',","        'closeClassName',","        'showCloseButton'","    ];","    var VEXModalContext = (function (_super) {","        __extends$3(VEXModalContext, _super);","        function VEXModalContext() {","            return _super !== null && _super.apply(this, arguments) || this;","        }","        VEXModalContext.prototype.normalize = function () {","            if (!this.className) {","                this.className = DEFAULT_VALUES$1.className;","            }","            if (!this.overlayClassName) {","                this.overlayClassName = DEFAULT_VALUES$1.overlayClassName;","            }","            if (!this.contentClassName) {","                this.contentClassName = DEFAULT_VALUES$1.contentClassName;","            }","            if (!this.closeClassName) {","                this.closeClassName = DEFAULT_VALUES$1.closeClassName;","            }","            _super.prototype.normalize.call(this);","        };","        return VEXModalContext;","    }(angular2Modal.ModalOpenContext));","    var VEXModalContextBuilder = (function (_super) {","        __extends$3(VEXModalContextBuilder, _super);","        function VEXModalContextBuilder(defaultValues, initialSetters, baseType) {","            if (defaultValues === void 0) {","                defaultValues = undefined;","            }","            if (initialSetters === void 0) {","                initialSetters = undefined;","            }","            if (baseType === void 0) {","                baseType = undefined;","            }","            return _super.call(this, angular2Modal.extend(DEFAULT_VALUES$1, defaultValues || {}), angular2Modal.arrayUnion(DEFAULT_SETTERS$2, initialSetters || []), baseType || VEXModalContext // https://github.com/Microsoft/TypeScript/issues/7234","            ) || this;","        }","        /**","         *","         * @aliasFor isBlocking","         */","        VEXModalContextBuilder.prototype.overlayClosesOnClick = function (value) {","            this[angular2Modal.privateKey('isBlocking')] = !value;","            return this;","        };","        return VEXModalContextBuilder;","    }(angular2Modal.ModalOpenContextBuilder));","    var __extends$2 = (undefined && undefined.__extends) || function (d, b) {","        for (var p in b)","            if (b.hasOwnProperty(p))","                d[p] = b[p];","        function __() { this.constructor = d; }","        d.prototype = b === null ? Object.create(b) : (__.prototype = b.prototype, new __());","    };","    var DEFAULT_SETTERS$1 = [","        'content'","    ];","    /**","     * Data definition","     */","    var DialogPreset = (function (_super) {","        __extends$2(DialogPreset, _super);","        function DialogPreset() {","            return _super !== null && _super.apply(this, arguments) || this;","        }","        return DialogPreset;","    }(VEXModalContext));","    /**","     * A Preset representing the configuration needed to open MessageModal.","     * This is an abstract implementation with no concrete behaviour.","     * Use derived implementation.","     */","    var DialogPresetBuilder = (function (_super) {","        __extends$2(DialogPresetBuilder, _super);","        function DialogPresetBuilder(modal, defaultValues, initialSetters, baseType) {","            if (defaultValues === void 0) {","                defaultValues = undefined;","            }","            if (initialSetters === void 0) {","                initialSetters = undefined;","            }","            if (baseType === void 0) {","                baseType = undefined;","            }","            return _super.call(this, angular2Modal.extend({ modal: modal, component: exports.DialogFormModal, buttons: [], defaultResult: true }, defaultValues || {}), angular2Modal.arrayUnion(DEFAULT_SETTERS$1, initialSetters || []), baseType || DialogPreset // https://github.com/Microsoft/TypeScript/issues/7234","            ) || this;","        }","        DialogPresetBuilder.prototype.addButton = function (css, caption, onClick) {","            var btn = {","                cssClass: css,","                caption: caption,","                onClick: onClick","            };","            var key = angular2Modal.privateKey('buttons');","            this[key].push(btn);","            return this;","        };","        DialogPresetBuilder.prototype.addOkButton = function (text) {","            if (text === void 0) {","                text = 'OK';","            }","            this.addButton('vex-dialog-button-primary vex-dialog-button vex-first', text, function (cmp, $event) { return cmp.dialog.close(cmp.dialog.context.defaultResult); });","            return this;","        };","        DialogPresetBuilder.prototype.addCancelButton = function (text) {","            if (text === void 0) {","                text = 'CANCEL';","            }","            this.addButton('vex-dialog-button-secondary vex-dialog-button vex-last', text, function (cmp, $event) { return cmp.dialog.dismiss(); });","            return this;","        };","        return DialogPresetBuilder;","    }(VEXModalContextBuilder));","    var __extends$1 = (undefined && undefined.__extends) || function (d, b) {","        for (var p in b)","            if (b.hasOwnProperty(p))","                d[p] = b[p];","        function __() { this.constructor = d; }","        d.prototype = b === null ? Object.create(b) : (__.prototype = b.prototype, new __());","    };","    var DEFAULT_VALUES = {","        component: exports.DialogFormModal,","        content: exports.FormDropIn,","        okBtn: 'OK',","        cancelBtn: 'Cancel'","    };","    var DEFAULT_SETTERS = [","        'okBtn',","        'cancelBtn',","        'placeholder'","    ];","    /**","     * Data definition","     */","    var DropInPreset = (function (_super) {","        __extends$1(DropInPreset, _super);","        function DropInPreset() {","            return _super !== null && _super.apply(this, arguments) || this;","        }","        Object.defineProperty(DropInPreset.prototype, \"showInput\", {","            get: function () {","                return this.dropInType === angular2Modal.DROP_IN_TYPE.prompt;","            },","            enumerable: true,","            configurable: true","        });","        return DropInPreset;","    }(DialogPreset));","    /**","     * A Preset representing all 3 drop ins (alert, prompt, confirm)","     */","    var DropInPresetBuilder = (function (_super) {","        __extends$1(DropInPresetBuilder, _super);","        function DropInPresetBuilder(modal, dropInType, defaultValues) {","            if (defaultValues === void 0) {","                defaultValues = undefined;","            }","            return _super.call(this, modal, angular2Modal.extend(angular2Modal.extend({ modal: modal, dropInType: dropInType }, DEFAULT_VALUES), defaultValues || {}), DEFAULT_SETTERS, DropInPreset) || this;","        }","        DropInPresetBuilder.prototype.$$beforeOpen = function (config) {","            if (config.okBtn) {","                this.addOkButton(config.okBtn);","            }","            switch (config.dropInType) {","                case angular2Modal.DROP_IN_TYPE.prompt:","                    config.defaultResult = undefined;","                case angular2Modal.DROP_IN_TYPE.confirm:","                    if (config.cancelBtn) {","                        this.addCancelButton(config.cancelBtn);","                    }","                    break;","            }","            return _super.prototype.$$beforeOpen.call(this, config);","        };","        return DropInPresetBuilder;","    }(DialogPresetBuilder));","    var __extends = (undefined && undefined.__extends) || function (d, b) {","        for (var p in b)","            if (b.hasOwnProperty(p))","                d[p] = b[p];","        function __() { this.constructor = d; }","        d.prototype = b === null ? Object.create(b) : (__.prototype = b.prototype, new __());","    };","    var __decorate = (undefined && undefined.__decorate) || function (decorators, target, key, desc) {","        var c = arguments.length, r = c < 3 ? target : desc === null ? desc = Object.getOwnPropertyDescriptor(target, key) : desc, d;","        if (typeof Reflect === \"object\" && typeof Reflect.decorate === \"function\")","            r = Reflect.decorate(decorators, target, key, desc);","        else","            for (var i = decorators.length - 1; i >= 0; i--)","                if (d = decorators[i])","                    r = (c < 3 ? d(r) : c > 3 ? d(target, key, r) : d(target, key)) || r;","        return c > 3 && r && Object.defineProperty(target, key, r), r;","    };","    var __metadata = (undefined && undefined.__metadata) || function (k, v) {","        if (typeof Reflect === \"object\" && typeof Reflect.metadata === \"function\")","            return Reflect.metadata(k, v);","    };","    exports.Modal = (function (_super) {","        __extends(Modal$$1, _super);","        function Modal$$1(overlay) {","            return _super.call(this, overlay) || this;","        }","        Modal$$1.prototype.alert = function () {","            return new DropInPresetBuilder(this, angular2Modal.DROP_IN_TYPE.alert, { isBlocking: false });","        };","        Modal$$1.prototype.prompt = function () {","            return new DropInPresetBuilder(this, angular2Modal.DROP_IN_TYPE.prompt, {","                isBlocking: true,","                keyboard: null","            });","        };","        Modal$$1.prototype.confirm = function () {","            return new DropInPresetBuilder(this, angular2Modal.DROP_IN_TYPE.confirm, {","                isBlocking: true,","                keyboard: null","            });","        };","        Modal$$1.prototype.create = function (dialogRef, content, bindings) {","            var _this = this;","            var backdropRef = this.createBackdrop(dialogRef, angular2Modal.CSSBackdrop);","            var containerRef = this.createContainer(dialogRef, angular2Modal.CSSDialogContainer, content, bindings);","            var overlay = dialogRef.overlayRef.instance;","            var backdrop = backdropRef.instance;","            var container = containerRef.instance;","            dialogRef.inElement ? overlay.insideElement() : overlay.fullscreen();","            // add body class if this is the only dialog in the stack","            if (!document.body.classList.contains('vex-open')) {","                document.body.classList.add('vex-open');","            }","            overlay.addClass(\"vex vex-theme-\" + dialogRef.context.className);","            backdrop.addClass('vex-overlay');","            container.addClass(dialogRef.context.contentClassName);","            container.setStyle('display', 'block');","            if (dialogRef.inElement) {","                overlay.setStyle('padding', '0');","                container.setStyle('margin-top', '20px');","            }","            if (containerRef.location.nativeElement) {","                containerRef.location.nativeElement.focus();","            }","            if (dialogRef.context.className === 'bottom-right-corner') {","                overlay.setStyle('overflow-y', 'hidden');","                container.setStyle('position', 'absolute');","            }","            overlay.beforeDestroy(function () {","                overlay.addClass('vex-closing');","                var completer = new angular2Modal.PromiseCompleter();","                var animationEnd$ = container.myAnimationEnd$();","                if (dialogRef.context.className !== 'bottom-right-corner') {","                    animationEnd$ = animationEnd$.combineLatest(backdrop.myAnimationEnd$(), function (s1, s2) { return [s1, s2]; });","                }","                animationEnd$.subscribe(function (sources) {","                    _this.overlay.groupStackLength(dialogRef) === 1 && document.body.classList.remove('vex-open');","                    completer.resolve();","                });","                return completer.promise;","            });","            overlay.setClickBoundary(containerRef.location.nativeElement);","            return dialogRef;","        };","        return Modal$$1;","    }(angular2Modal.Modal));","    exports.Modal = __decorate([","        _angular_core.Injectable(),","        __metadata(\"design:paramtypes\", [angular2Modal.Overlay])","    ], exports.Modal);","    var __decorate$2 = (undefined && undefined.__decorate) || function (decorators, target, key, desc) {","        var c = arguments.length, r = c < 3 ? target : desc === null ? desc = Object.getOwnPropertyDescriptor(target, key) : desc, d;","        if (typeof Reflect === \"object\" && typeof Reflect.decorate === \"function\")","            r = Reflect.decorate(decorators, target, key, desc);","        else","            for (var i = decorators.length - 1; i >= 0; i--)","                if (d = decorators[i])","                    r = (c < 3 ? d(r) : c > 3 ? d(target, key, r) : d(target, key)) || r;","        return c > 3 && r && Object.defineProperty(target, key, r), r;","    };","    var providers = [","        { provide: angular2Modal.Modal, useClass: exports.Modal },","        { provide: exports.Modal, useClass: exports.Modal }","    ];","    exports.VexModalModule = (function () {","        function VexModalModule() {","        }","        VexModalModule.getProviders = function () {","            return providers;","        };","        return VexModalModule;","    }());","    exports.VexModalModule = __decorate$2([","        _angular_core.NgModule({","            imports: [angular2Modal.ModalModule, _angular_common.CommonModule],","            declarations: [","                exports.VEXDialogButtons,","                exports.FormDropIn,","                exports.DialogFormModal","            ],","            providers: providers,","            entryComponents: [","                exports.DialogFormModal,","                exports.FormDropIn","            ]","        })","    ], exports.VexModalModule);","    exports.VEXModalContext = VEXModalContext;","    exports.VEXModalContextBuilder = VEXModalContextBuilder;","    exports.DropInPreset = DropInPreset;","    exports.DropInPresetBuilder = DropInPresetBuilder;","    exports.DialogPreset = DialogPreset;","    exports.DialogPresetBuilder = DialogPresetBuilder;","    exports.providers = providers;","    Object.defineProperty(exports, '__esModule', { value: true });","})));",""],"l":{"1":2,"2":2,"7":0,"8":0,"9":0,"10":0,"12":0,"13":0,"14":0,"15":0,"17":0,"18":0,"19":0,"24":0,"25":1,"30":0,"32":0,"33":0,"34":0,"36":0,"38":0,"42":0,"46":0,"57":0,"58":1,"59":0,"60":0,"62":0,"63":0,"65":0,"67":0,"75":0,"76":1,"77":0,"78":0,"80":0,"82":0,"90":0,"91":0,"92":0,"93":0,"94":1,"95":0,"97":0,"103":0,"110":0,"111":0,"112":1,"113":0,"115":0,"116":0,"117":0,"119":0,"120":0,"122":0,"123":0,"125":0,"126":0,"128":0,"130":0,"132":0,"133":0,"134":1,"135":0,"136":0,"138":0,"139":0,"141":0,"142":0,"144":0,"151":0,"152":0,"153":0,"155":0,"157":0,"158":0,"159":0,"160":0,"161":1,"162":0,"164":0,"170":0,"171":0,"172":1,"173":0,"175":0,"182":0,"183":0,"184":1,"185":0,"186":0,"188":0,"189":0,"191":0,"192":0,"194":0,"197":0,"198":0,"203":0,"204":0,"205":0,"207":0,"208":0,"209":0,"211":0,"212":0,"214":0,"215":0,"216":0,"218":0,"219":0,"221":0,"223":0,"224":0,"225":0,"226":0,"227":1,"228":0,"230":0,"236":0,"244":0,"245":0,"246":1,"247":0,"249":0,"251":0,"256":0,"261":0,"262":0,"263":1,"264":0,"265":0,"267":0,"269":0,"270":0,"271":0,"273":0,"275":0,"277":0,"278":0,"280":0,"282":0,"284":0,"286":0,"287":0,"288":0,"289":0,"290":1,"291":0,"293":0,"294":0,"295":0,"296":0,"298":0,"299":0,"300":0,"301":0,"303":0,"304":0,"305":0,"307":0,"308":0,"309":1,"310":0,"312":0,"313":0,"315":0,"316":0,"321":0,"322":0,"327":0,"328":0,"329":0,"330":0,"331":0,"332":0,"333":0,"334":0,"336":0,"337":0,"339":0,"340":0,"341":0,"342":0,"343":0,"344":0,"345":0,"347":0,"348":0,"350":0,"351":0,"352":0,"354":0,"355":0,"356":0,"357":0,"358":0,"359":0,"361":0,"362":0,"363":0,"365":0,"367":0,"368":0,"370":0,"372":0,"376":0,"377":0,"378":0,"379":0,"381":0,"382":0,"383":0,"384":0,"386":0,"390":0,"391":1,"393":0,"394":0,"396":0,"398":0,"413":0,"414":0,"415":0,"416":0,"417":0,"418":0,"419":0,"420":0}},"/home/travis/build/npmtest/node-npmtest-angular2-modal/node_modules/angular2-modal/plugins/bootstrap/modal-container.js":{"path":"/home/travis/build/npmtest/node-npmtest-angular2-modal/node_modules/angular2-modal/plugins/bootstrap/modal-container.js","s":{},"b":{},"f":{},"fnMap":{},"statementMap":{},"branchMap":{},"code":["//# sourceMappingURL=modal-container.js.map"],"l":{}}}